<?xml version="1.0" encoding="UTF-8"?>
<!-- Generated by org.testng.reporters.JUnitXMLReporter -->
<testsuite hostname="ISW-GSIG-UO1" ignored="0" name="Test" tests="3" failures="0" timestamp="15 Jun 2019 19:16:54 GMT" time="66.78" errors="0">
  <testcase name="InvalidUsernameAndValidPassword" time="16.085" classname="DefaultPackage.LoginTestSuite"/>
  <testcase name="validEmailAndInvalidPassword" time="12.13" classname="DefaultPackage.LoginTestSuite"/>
  <testcase name="successfulLogin" time="2.862" classname="DefaultPackage.LoginTestSuite"/>
</testsuite> <!-- Test -->
