<?xml version="1.0" encoding="UTF-8"?>
<!-- Generated by org.testng.reporters.JUnitXMLReporter -->
<testsuite hostname="ISW-GSIG-UO1" ignored="0" name="Test" tests="3" failures="0" timestamp="18 Jun 2019 09:00:13 GMT" time="91.969" errors="0">
  <testcase name="InvalidUsernameAndValidPassword" time="33.904" classname="actions.LoginTestSuite"/>
  <testcase name="validEmailAndInvalidPassword" time="12.248" classname="actions.LoginTestSuite"/>
  <testcase name="successfulLogin" time="10.16" classname="actions.LoginTestSuite"/>
</testsuite> <!-- Test -->
