<?xml version="1.0" encoding="UTF-8"?>
<!-- Generated by org.testng.reporters.JUnitXMLReporter -->
<testsuite hostname="ISW-GSIG-UO1" ignored="0" name="Default test" tests="4" failures="0" timestamp="24 Aug 2019 10:17:44 GMT" time="59.913" errors="0">
  <testcase name="verifyOTPScreenDisplays" time="20.357" classname="actions.OTPTestSuite"/>
  <testcase name="InvalidOTPTest" time="0.496" classname="actions.OTPTestSuite"/>
  <testcase name="doNotEnterOTPTest" time="0.142" classname="actions.OTPTestSuite"/>
  <testcase name="ResendOtpTest" time="0.486" classname="actions.OTPTestSuite"/>
</testsuite> <!-- Default test -->
