<?xml version="1.0" encoding="UTF-8"?>
<!-- Generated by org.testng.reporters.JUnitXMLReporter -->
<testsuite hostname="ISW-GSIG-UO1" ignored="0" name="Default test" tests="3" failures="0" timestamp="02 Aug 2019 15:06:29 GMT" time="73.964" errors="0">
  <testcase name="verifySearchFieldReturnsSavedPaymentItemsFirst" time="18.27" classname="actions.SearchFieldTestSuite"/>
  <testcase name="verifyUserReturnstoDashBoardScreenWhenSearchCriteiraIsRemovedFromSearchField" time="0.466" classname="actions.SearchFieldTestSuite"/>
  <testcase name="verifySearchFieldReturnsBillerListAfterSavedPaymentOptionsAreExausted" time="1.333" classname="actions.SearchFieldTestSuite"/>
</testsuite> <!-- Default test -->
