<?xml version="1.0" encoding="UTF-8"?>
<!-- Generated by org.testng.reporters.JUnitXMLReporter -->
<testsuite hostname="ISW-GSIG-UO1" ignored="0" name="Default test" tests="3" failures="0" timestamp="02 Aug 2019 16:29:32 GMT" time="68.459" errors="0">
  <testcase name="verifySearchFieldReturnsSavedPaymentItemsFirst" time="24.759" classname="actions.SearchFieldTestSuite"/>
  <testcase name="verifyUserReturnstoDashBoardScreenWhenSearchCriteiraIsRemovedFromSearchField" time="0.316" classname="actions.SearchFieldTestSuite"/>
  <testcase name="verifySearchFieldReturnsBillerListAfterSavedPaymentOptionsAreExausted" time="1.418" classname="actions.SearchFieldTestSuite"/>
</testsuite> <!-- Default test -->
