<?xml version="1.0" encoding="UTF-8"?>
<!-- Generated by org.testng.reporters.JUnitXMLReporter -->
<testsuite hostname="ISW-GSIG-UO1" ignored="0" name="Default test" tests="5" failures="0" timestamp="22 Aug 2019 18:31:41 GMT" time="63.087" errors="0">
  <testcase name="changeFirstNameAndLastNameSuccessfully" time="13.362" classname="actions.ProfilePageTestSuite"/>
  <testcase name="changePasswordInvalidOldPassword" time="4.27" classname="actions.ProfilePageTestSuite"/>
  <testcase name="changePasswordAllFieldsEmpty" time="3.585" classname="actions.ProfilePageTestSuite"/>
  <testcase name="changePasswordNewPasswordAndReTypePasswordFieldsAreEmpty" time="21.115" classname="actions.ProfilePageTestSuite"/>
  <testcase name="changePasswordSuccessfully" time="3.0" classname="actions.ProfilePageTestSuite"/>
</testsuite> <!-- Default test -->
