<?xml version="1.0" encoding="UTF-8"?>
<!-- Generated by org.testng.reporters.JUnitXMLReporter -->
<testsuite hostname="ISW-GSIG-UO1" ignored="0" name="Default test" tests="3" failures="0" timestamp="18 Jun 2019 14:07:37 GMT" time="76.793" errors="0">
  <testcase name="InvalidUsernameAndValidPassword" time="15.945" classname="actions.LoginTestSuite"/>
  <testcase name="validEmailAndInvalidPassword" time="11.862" classname="actions.LoginTestSuite"/>
  <testcase name="successfulLogin" time="2.93" classname="actions.LoginTestSuite"/>
</testsuite> <!-- Default test -->
