<?xml version="1.0" encoding="UTF-8"?>
<!-- Generated by org.testng.reporters.JUnitXMLReporter -->
<testsuite hostname="ISW-GSIG-UO1" ignored="0" name="Default test" tests="3" failures="0" timestamp="24 Aug 2019 13:12:28 GMT" time="54.098" errors="0">
  <testcase name="verifySearchFieldReturnsSavedPaymentItemsFirst" time="16.717" classname="actions.SearchFieldTestSuite"/>
  <testcase name="verifyUserReturnstoDashBoardScreenWhenSearchCriteiraIsRemovedFromSearchField" time="0.4" classname="actions.SearchFieldTestSuite"/>
  <testcase name="verifySearchFieldReturnsBillerListAfterSavedPaymentOptionsAreExausted" time="1.823" classname="actions.SearchFieldTestSuite"/>
</testsuite> <!-- Default test -->
