<?xml version="1.0" encoding="UTF-8"?>
<!-- Generated by org.testng.reporters.JUnitXMLReporter -->
<testsuite hostname="ISW-GSIG-UO1" ignored="0" name="Default test" tests="3" failures="0" timestamp="30 Jun 2019 11:31:44 GMT" time="39.013" errors="0">
  <testcase name="verifyQROptionIsPresentWhenPayingFromSavedPaymentAirtime" time="12.865" classname="actions.SavedPaymentSuite"/>
  <testcase name="verifyQROptionIsPresentWhenPayingFromSavedPaymentForBills" time="4.726" classname="actions.SavedPaymentSuite"/>
  <testcase name="verifyQROptionIsPresentWhenPayingFromSavedPaymentForTransfer" time="4.665" classname="actions.SavedPaymentSuite"/>
</testsuite> <!-- Default test -->
