<?xml version="1.0" encoding="UTF-8"?>
<!-- Generated by org.testng.reporters.JUnitXMLReporter -->
<testsuite hostname="ISW-GSIG-UO1" ignored="0" name="Default test" tests="4" failures="0" timestamp="24 Aug 2019 10:39:48 GMT" time="45.822" errors="0">
  <testcase name="verifyOTPScreenDisplays" time="21.583" classname="actions.OTPTestSuite"/>
  <testcase name="InvalidOTPTest" time="0.529" classname="actions.OTPTestSuite"/>
  <testcase name="doNotEnterOTPTest" time="0.151" classname="actions.OTPTestSuite"/>
  <testcase name="ResendOtpTest" time="0.45" classname="actions.OTPTestSuite"/>
</testsuite> <!-- Default test -->
