<?xml version="1.0" encoding="UTF-8"?>
<!-- Generated by org.testng.reporters.JUnitXMLReporter -->
<testsuite hostname="ISW-GSIG-UO1" ignored="0" name="Default test" tests="5" failures="0" timestamp="22 Aug 2019 17:50:57 GMT" time="36.097" errors="0">
  <testcase name="changeFirstNameAndLastNameSuccessfully" time="6.277" classname="actions.ProfilePageTestSuite"/>
  <testcase name="changePasswordInvalidOldPassword" time="4.972" classname="actions.ProfilePageTestSuite"/>
  <testcase name="changePasswordAllFieldsEmpty" time="2.977" classname="actions.ProfilePageTestSuite"/>
  <testcase name="changePasswordNewPasswordAndReTypePasswordFieldsAreEmpty" time="3.418" classname="actions.ProfilePageTestSuite"/>
  <testcase name="changePasswordSuccessfully" time="2.908" classname="actions.ProfilePageTestSuite"/>
</testsuite> <!-- Default test -->
