<?xml version="1.0" encoding="UTF-8"?>
<!-- Generated by org.testng.reporters.JUnitXMLReporter -->
<testsuite hostname="ISW-GSIG-UO1" ignored="0" name="Default test" tests="4" failures="0" timestamp="25 Aug 2019 13:40:59 GMT" time="66.572" errors="0">
  <testcase name="verifyOTPScreenDisplays" time="31.435" classname="actions.OTPTestSuite"/>
  <testcase name="InvalidOTPTest" time="0.551" classname="actions.OTPTestSuite"/>
  <testcase name="doNotEnterOTPTest" time="0.323" classname="actions.OTPTestSuite"/>
  <testcase name="ResendOtpTest" time="0.483" classname="actions.OTPTestSuite"/>
</testsuite> <!-- Default test -->
