<?xml version="1.0" encoding="UTF-8"?>
<testng-results skipped="0" failed="0" ignored="0" total="3" passed="3">
  <reporter-output>
  </reporter-output>
  <suite name="Default suite" duration-ms="76793" started-at="2019-06-18T14:06:20Z" finished-at="2019-06-18T14:07:37Z">
    <groups>
    </groups>
    <test name="Default test" duration-ms="76793" started-at="2019-06-18T14:06:20Z" finished-at="2019-06-18T14:07:37Z">
      <class name="actions.LoginTestSuite">
        <test-method status="PASS" signature="startUp()[pri:0, instance:actions.LoginTestSuite@8bd1b6a]" name="startUp" is-config="true" duration-ms="39584" started-at="2019-06-18T15:06:20Z" finished-at="2019-06-18T15:06:59Z">
          <reporter-output>
          </reporter-output>
        </test-method> <!-- startUp -->
        <test-method status="PASS" signature="InvalidUsernameAndValidPassword()[pri:1, instance:actions.LoginTestSuite@8bd1b6a]" name="InvalidUsernameAndValidPassword" duration-ms="15945" started-at="2019-06-18T15:06:59Z" finished-at="2019-06-18T15:07:15Z">
          <reporter-output>
          </reporter-output>
        </test-method> <!-- InvalidUsernameAndValidPassword -->
        <test-method status="PASS" signature="validEmailAndInvalidPassword()[pri:2, instance:actions.LoginTestSuite@8bd1b6a]" name="validEmailAndInvalidPassword" duration-ms="11862" started-at="2019-06-18T15:07:15Z" finished-at="2019-06-18T15:07:27Z">
          <reporter-output>
          </reporter-output>
        </test-method> <!-- validEmailAndInvalidPassword -->
        <test-method status="PASS" signature="successfulLogin()[pri:3, instance:actions.LoginTestSuite@8bd1b6a]" name="successfulLogin" duration-ms="2930" started-at="2019-06-18T15:07:27Z" finished-at="2019-06-18T15:07:30Z">
          <reporter-output>
          </reporter-output>
        </test-method> <!-- successfulLogin -->
        <test-method status="PASS" signature="tearDown()[pri:0, instance:actions.LoginTestSuite@8bd1b6a]" name="tearDown" is-config="true" duration-ms="6434" started-at="2019-06-18T15:07:30Z" finished-at="2019-06-18T15:07:37Z">
          <reporter-output>
          </reporter-output>
        </test-method> <!-- tearDown -->
      </class> <!-- actions.LoginTestSuite -->
    </test> <!-- Default test -->
  </suite> <!-- Default suite -->
</testng-results>
