<?xml version="1.0" encoding="UTF-8"?>
<!-- Generated by org.testng.reporters.JUnitXMLReporter -->
<testsuite hostname="ISW-GSIG-UO1" ignored="0" name="Test6" tests="3" failures="0" timestamp="06 Aug 2019 10:39:24 GMT" time="52.198" errors="0">
  <testcase name="verifySearchFieldReturnsSavedPaymentItemsFirst" time="12.183" classname="actions.SearchFieldTestSuite"/>
  <testcase name="verifyUserReturnstoDashBoardScreenWhenSearchCriteiraIsRemovedFromSearchField" time="0.502" classname="actions.SearchFieldTestSuite"/>
  <testcase name="verifySearchFieldReturnsBillerListAfterSavedPaymentOptionsAreExausted" time="1.728" classname="actions.SearchFieldTestSuite"/>
</testsuite> <!-- Test6 -->
