<?xml version="1.0" encoding="UTF-8"?>
<!-- Generated by org.testng.reporters.JUnitXMLReporter -->
<testsuite hostname="ISW-GSIG-UO1" ignored="0" name="Test2" tests="3" failures="0" timestamp="23 Jul 2019 18:59:47 GMT" time="101.746" errors="0">
  <testcase name="InvalidUsernameAndValidPassword" time="13.007" classname="actions.LoginTestSuite"/>
  <testcase name="validEmailAndInvalidPassword" time="12.634" classname="actions.LoginTestSuite"/>
  <testcase name="successfulLogin" time="3.178" classname="actions.LoginTestSuite"/>
</testsuite> <!-- Test2 -->
