<?xml version="1.0" encoding="UTF-8"?>
<!-- Generated by org.testng.reporters.JUnitXMLReporter -->
<testsuite hostname="ISW-GSIG-UO1" ignored="0" name="Test" tests="3" failures="0" timestamp="18 Jun 2019 15:40:37 GMT" time="78.82" errors="0">
  <testcase name="InvalidUsernameAndValidPassword" time="22.326" classname="actions.LoginTestSuite"/>
  <testcase name="validEmailAndInvalidPassword" time="12.259" classname="actions.LoginTestSuite"/>
  <testcase name="successfulLogin" time="3.811" classname="actions.LoginTestSuite"/>
</testsuite> <!-- Test -->
