<?xml version="1.0" encoding="UTF-8"?>
<!-- Generated by org.testng.reporters.JUnitXMLReporter -->
<testsuite hostname="ISW-GSIG-UO1" ignored="0" name="Test1" tests="3" failures="0" timestamp="25 Aug 2019 14:05:15 GMT" time="69.378" errors="0">
  <testcase name="InvalidUsernameAndValidPassword" time="16.456" classname="actions.LoginTestSuite"/>
  <testcase name="validEmailAndInvalidPassword" time="11.885" classname="actions.LoginTestSuite"/>
  <testcase name="successfulLogin" time="6.894" classname="actions.LoginTestSuite"/>
</testsuite> <!-- Test1 -->
