<?xml version="1.0" encoding="UTF-8"?>
<!-- Generated by org.testng.reporters.JUnitXMLReporter -->
<testsuite hostname="ISW-GSIG-UO1" ignored="0" name="Test5" tests="3" failures="0" timestamp="24 Aug 2019 11:56:56 GMT" time="55.482" errors="0">
  <testcase name="verifySearchFieldReturnsSavedPaymentItemsFirst" time="17.393" classname="actions.SearchFieldTestSuite"/>
  <testcase name="verifyUserReturnstoDashBoardScreenWhenSearchCriteiraIsRemovedFromSearchField" time="0.462" classname="actions.SearchFieldTestSuite"/>
  <testcase name="verifySearchFieldReturnsBillerListAfterSavedPaymentOptionsAreExausted" time="2.241" classname="actions.SearchFieldTestSuite"/>
</testsuite> <!-- Test5 -->
