<?xml version="1.0" encoding="UTF-8"?>
<!-- Generated by org.testng.reporters.JUnitXMLReporter -->
<testsuite hostname="ISW-GSIG-UO1" ignored="0" name="Test4" tests="5" failures="0" timestamp="10 Jul 2019 08:14:00 GMT" time="87.925" errors="0">
  <testcase name="changeFirstLastNameSuccessfully" time="8.661" classname="actions.ProfilePageTestSuite"/>
  <testcase name="changePasswordInvalidOldPassword" time="3.149" classname="actions.ProfilePageTestSuite"/>
  <testcase name="changePasswordAllFieldsEmpty" time="3.407" classname="actions.ProfilePageTestSuite"/>
  <testcase name="changePasswordNewPasswordAndReTypePasswordFieldsAreEmpty" time="3.251" classname="actions.ProfilePageTestSuite"/>
  <testcase name="changePasswordSuccessfully" time="2.815" classname="actions.ProfilePageTestSuite"/>
</testsuite> <!-- Test4 -->
