<?xml version="1.0" encoding="UTF-8"?>
<!-- Generated by org.testng.reporters.JUnitXMLReporter -->
<testsuite hostname="ISW-GSIG-UO1" ignored="0" name="Test3" tests="5" failures="0" timestamp="24 Aug 2019 11:55:01 GMT" time="85.422" errors="0">
  <testcase name="changeFirstNameAndLastNameSuccessfully" time="8.185" classname="actions.ProfilePageTestSuite"/>
  <testcase name="changePasswordInvalidOldPassword" time="7.747" classname="actions.ProfilePageTestSuite"/>
  <testcase name="changePasswordAllFieldsEmpty" time="4.98" classname="actions.ProfilePageTestSuite"/>
  <testcase name="changePasswordNewPasswordAndReTypePasswordFieldsAreEmpty" time="4.102" classname="actions.ProfilePageTestSuite"/>
  <testcase name="changePasswordSuccessfully" time="4.048" classname="actions.ProfilePageTestSuite"/>
</testsuite> <!-- Test3 -->
