<?xml version="1.0" encoding="UTF-8"?>
<!-- Generated by org.testng.reporters.JUnitXMLReporter -->
<testsuite hostname="ISW-GSIG-UO1" ignored="0" name="Test5" tests="3" failures="0" timestamp="04 Jul 2019 17:26:46 GMT" time="53.347" errors="0">
  <testcase name="verifyQROptionIsPresentWhenPayingFromSavedPaymentAirtime" time="9.577" classname="actions.SavedPaymentSuite"/>
  <testcase name="verifyQROptionIsPresentWhenPayingFromSavedPaymentForBills" time="4.465" classname="actions.SavedPaymentSuite"/>
  <testcase name="verifyQROptionIsPresentWhenPayingFromSavedPaymentForTransfer" time="4.17" classname="actions.SavedPaymentSuite"/>
</testsuite> <!-- Test5 -->
