<?xml version="1.0" encoding="UTF-8"?>
<!-- Generated by org.testng.reporters.JUnitXMLReporter -->
<testsuite hostname="ISW-GSIG-UO1" ignored="0" name="Test2" tests="3" failures="0" timestamp="31 Jul 2019 12:08:01 GMT" time="112.395" errors="0">
  <testcase name="InvalidUsernameAndValidPassword" time="58.628" classname="actions.LoginTestSuite"/>
  <testcase name="validEmailAndInvalidPassword" time="11.828" classname="actions.LoginTestSuite"/>
  <testcase name="successfulLogin" time="2.97" classname="actions.LoginTestSuite"/>
</testsuite> <!-- Test2 -->
