<?xml version="1.0" encoding="UTF-8"?>
<!-- Generated by org.testng.reporters.JUnitXMLReporter -->
<testsuite hostname="ISW-GSIG-UO1" ignored="0" name="Test7" tests="4" failures="0" timestamp="06 Aug 2019 10:40:42 GMT" time="77.8" errors="0">
  <testcase name="verifyOTPScreenDisplays" time="37.567" classname="actions.OTPTestSuite"/>
  <testcase name="InvalidOTPTest" time="1.193" classname="actions.OTPTestSuite"/>
  <testcase name="NoOTPTest" time="0.292" classname="actions.OTPTestSuite"/>
  <testcase name="ResendOtp" time="0.668" classname="actions.OTPTestSuite"/>
</testsuite> <!-- Test7 -->
