<?xml version="1.0" encoding="UTF-8"?>
<!-- Generated by org.testng.reporters.JUnitXMLReporter -->
<testsuite hostname="ISW-GSIG-UO1" ignored="0" name="Test7" tests="4" failures="0" timestamp="02 Aug 2019 15:47:33 GMT" time="61.824" errors="0">
  <testcase name="verifyOTPScreenDisplays" time="22.589" classname="actions.OTPTestSuite"/>
  <testcase name="InvalidOTPTest" time="0.529" classname="actions.OTPTestSuite"/>
  <testcase name="NoOTPTest" time="0.308" classname="actions.OTPTestSuite"/>
  <testcase name="ResendOtp" time="0.486" classname="actions.OTPTestSuite"/>
</testsuite> <!-- Test7 -->
