<?xml version="1.0" encoding="UTF-8"?>
<!-- Generated by org.testng.reporters.JUnitXMLReporter -->
<testsuite hostname="ISW-GSIG-UO1" ignored="0" name="Test1" tests="3" failures="0" timestamp="24 Aug 2019 11:52:54 GMT" time="125.011" errors="0">
  <testcase name="InvalidUsernameAndValidPassword" time="49.509" classname="actions.LoginTestSuite"/>
  <testcase name="validEmailAndInvalidPassword" time="32.252" classname="actions.LoginTestSuite"/>
  <testcase name="successfulLogin" time="3.765" classname="actions.LoginTestSuite"/>
</testsuite> <!-- Test1 -->
