<?xml version="1.0" encoding="UTF-8"?>
<testng-results skipped="0" failed="4" ignored="0" total="19" passed="15">
  <reporter-output>
  </reporter-output>
  <suite name="Suite" duration-ms="522533" started-at="2019-08-24T11:50:49Z" finished-at="2019-08-24T11:59:32Z">
    <groups>
    </groups>
    <test name="Test1" duration-ms="125011" started-at="2019-08-24T11:50:49Z" finished-at="2019-08-24T11:52:54Z">
      <class name="actions.LoginTestSuite">
        <test-method status="PASS" signature="startUp()[pri:0, instance:actions.LoginTestSuite@5d624da6]" name="startUp" is-config="true" duration-ms="30907" started-at="2019-08-24T12:50:49Z" finished-at="2019-08-24T12:51:20Z">
          <reporter-output>
          </reporter-output>
        </test-method> <!-- startUp -->
        <test-method status="PASS" signature="InvalidUsernameAndValidPassword()[pri:1, instance:actions.LoginTestSuite@5d624da6]" name="InvalidUsernameAndValidPassword" duration-ms="49509" started-at="2019-08-24T12:51:20Z" finished-at="2019-08-24T12:52:10Z">
          <reporter-output>
          </reporter-output>
        </test-method> <!-- InvalidUsernameAndValidPassword -->
        <test-method status="PASS" signature="validEmailAndInvalidPassword()[pri:2, instance:actions.LoginTestSuite@5d624da6]" name="validEmailAndInvalidPassword" duration-ms="32252" started-at="2019-08-24T12:52:10Z" finished-at="2019-08-24T12:52:42Z">
          <reporter-output>
          </reporter-output>
        </test-method> <!-- validEmailAndInvalidPassword -->
        <test-method status="PASS" signature="successfulLogin()[pri:3, instance:actions.LoginTestSuite@5d624da6]" name="successfulLogin" duration-ms="3765" started-at="2019-08-24T12:52:42Z" finished-at="2019-08-24T12:52:46Z">
          <reporter-output>
          </reporter-output>
        </test-method> <!-- successfulLogin -->
        <test-method status="PASS" signature="tearDown()[pri:0, instance:actions.LoginTestSuite@5d624da6]" name="tearDown" is-config="true" duration-ms="8550" started-at="2019-08-24T12:52:46Z" finished-at="2019-08-24T12:52:54Z">
          <reporter-output>
          </reporter-output>
        </test-method> <!-- tearDown -->
      </class> <!-- actions.LoginTestSuite -->
    </test> <!-- Test1 -->
    <test name="Test2" duration-ms="40683" started-at="2019-08-24T11:52:54Z" finished-at="2019-08-24T11:53:35Z">
      <class name="actions.HomeScreenTestSuite">
        <test-method status="PASS" signature="startUp()[pri:0, instance:actions.HomeScreenTestSuite@67b6d4ae]" name="startUp" is-config="true" duration-ms="27171" started-at="2019-08-24T12:52:54Z" finished-at="2019-08-24T12:53:22Z">
          <reporter-output>
          </reporter-output>
        </test-method> <!-- startUp -->
        <test-method status="PASS" signature="verifyHomeScreenElementsPresent()[pri:0, instance:actions.HomeScreenTestSuite@67b6d4ae]" name="verifyHomeScreenElementsPresent" duration-ms="3927" started-at="2019-08-24T12:53:22Z" finished-at="2019-08-24T12:53:26Z">
          <reporter-output>
          </reporter-output>
        </test-method> <!-- verifyHomeScreenElementsPresent -->
        <test-method status="PASS" signature="tearDown()[pri:0, instance:actions.HomeScreenTestSuite@67b6d4ae]" name="tearDown" is-config="true" duration-ms="9585" started-at="2019-08-24T12:53:26Z" finished-at="2019-08-24T12:53:35Z">
          <reporter-output>
          </reporter-output>
        </test-method> <!-- tearDown -->
      </class> <!-- actions.HomeScreenTestSuite -->
    </test> <!-- Test2 -->
    <test name="Test3" duration-ms="85422" started-at="2019-08-24T11:53:35Z" finished-at="2019-08-24T11:55:01Z">
      <class name="actions.ProfilePageTestSuite">
        <test-method status="PASS" signature="startUp()[pri:0, instance:actions.ProfilePageTestSuite@5a61f5df]" name="startUp" is-config="true" duration-ms="45722" started-at="2019-08-24T12:53:35Z" finished-at="2019-08-24T12:54:21Z">
          <reporter-output>
          </reporter-output>
        </test-method> <!-- startUp -->
        <test-method status="PASS" signature="changeFirstNameAndLastNameSuccessfully()[pri:1, instance:actions.ProfilePageTestSuite@5a61f5df]" name="changeFirstNameAndLastNameSuccessfully" duration-ms="8185" started-at="2019-08-24T12:54:21Z" finished-at="2019-08-24T12:54:29Z">
          <reporter-output>
          </reporter-output>
        </test-method> <!-- changeFirstNameAndLastNameSuccessfully -->
        <test-method status="PASS" signature="changePasswordInvalidOldPassword()[pri:2, instance:actions.ProfilePageTestSuite@5a61f5df]" name="changePasswordInvalidOldPassword" duration-ms="7747" started-at="2019-08-24T12:54:29Z" finished-at="2019-08-24T12:54:37Z">
          <reporter-output>
          </reporter-output>
        </test-method> <!-- changePasswordInvalidOldPassword -->
        <test-method status="PASS" signature="changePasswordAllFieldsEmpty()[pri:3, instance:actions.ProfilePageTestSuite@5a61f5df]" name="changePasswordAllFieldsEmpty" duration-ms="4980" started-at="2019-08-24T12:54:37Z" finished-at="2019-08-24T12:54:42Z">
          <reporter-output>
          </reporter-output>
        </test-method> <!-- changePasswordAllFieldsEmpty -->
        <test-method status="PASS" signature="changePasswordNewPasswordAndReTypePasswordFieldsAreEmpty()[pri:4, instance:actions.ProfilePageTestSuite@5a61f5df]" name="changePasswordNewPasswordAndReTypePasswordFieldsAreEmpty" duration-ms="4102" started-at="2019-08-24T12:54:42Z" finished-at="2019-08-24T12:54:46Z">
          <reporter-output>
          </reporter-output>
        </test-method> <!-- changePasswordNewPasswordAndReTypePasswordFieldsAreEmpty -->
        <test-method status="PASS" signature="changePasswordSuccessfully()[pri:5, instance:actions.ProfilePageTestSuite@5a61f5df]" name="changePasswordSuccessfully" duration-ms="4048" started-at="2019-08-24T12:54:46Z" finished-at="2019-08-24T12:54:50Z">
          <reporter-output>
          </reporter-output>
        </test-method> <!-- changePasswordSuccessfully -->
        <test-method status="PASS" signature="tearDown()[pri:0, instance:actions.ProfilePageTestSuite@5a61f5df]" name="tearDown" is-config="true" duration-ms="10635" started-at="2019-08-24T12:54:50Z" finished-at="2019-08-24T12:55:01Z">
          <reporter-output>
          </reporter-output>
        </test-method> <!-- tearDown -->
      </class> <!-- actions.ProfilePageTestSuite -->
    </test> <!-- Test3 -->
    <test name="Test4" duration-ms="60299" started-at="2019-08-24T11:55:01Z" finished-at="2019-08-24T11:56:01Z">
      <class name="actions.SavedPaymentSuite">
        <test-method status="PASS" signature="startUp()[pri:0, instance:actions.SavedPaymentSuite@9f70c54]" name="startUp" is-config="true" duration-ms="27101" started-at="2019-08-24T12:55:01Z" finished-at="2019-08-24T12:55:28Z">
          <reporter-output>
          </reporter-output>
        </test-method> <!-- startUp -->
        <test-method status="PASS" signature="verifyQROptionIsPresentWhenPayingFromSavedPaymentAirtime()[pri:1, instance:actions.SavedPaymentSuite@9f70c54]" name="verifyQROptionIsPresentWhenPayingFromSavedPaymentAirtime" duration-ms="10972" started-at="2019-08-24T12:55:28Z" finished-at="2019-08-24T12:55:39Z">
          <reporter-output>
          </reporter-output>
        </test-method> <!-- verifyQROptionIsPresentWhenPayingFromSavedPaymentAirtime -->
        <test-method status="PASS" signature="verifyQROptionIsPresentWhenPayingFromSavedPaymentForBills()[pri:2, instance:actions.SavedPaymentSuite@9f70c54]" name="verifyQROptionIsPresentWhenPayingFromSavedPaymentForBills" duration-ms="6631" started-at="2019-08-24T12:55:39Z" finished-at="2019-08-24T12:55:45Z">
          <reporter-output>
          </reporter-output>
        </test-method> <!-- verifyQROptionIsPresentWhenPayingFromSavedPaymentForBills -->
        <test-method status="PASS" signature="verifyQROptionIsPresentWhenPayingFromSavedPaymentForTransfer()[pri:3, instance:actions.SavedPaymentSuite@9f70c54]" name="verifyQROptionIsPresentWhenPayingFromSavedPaymentForTransfer" duration-ms="6612" started-at="2019-08-24T12:55:45Z" finished-at="2019-08-24T12:55:52Z">
          <reporter-output>
          </reporter-output>
        </test-method> <!-- verifyQROptionIsPresentWhenPayingFromSavedPaymentForTransfer -->
        <test-method status="PASS" signature="tearDown()[pri:0, instance:actions.SavedPaymentSuite@9f70c54]" name="tearDown" is-config="true" duration-ms="8979" started-at="2019-08-24T12:55:52Z" finished-at="2019-08-24T12:56:01Z">
          <reporter-output>
          </reporter-output>
        </test-method> <!-- tearDown -->
      </class> <!-- actions.SavedPaymentSuite -->
    </test> <!-- Test4 -->
    <test name="Test5" duration-ms="55482" started-at="2019-08-24T11:56:01Z" finished-at="2019-08-24T11:56:56Z">
      <class name="actions.SearchFieldTestSuite">
        <test-method status="PASS" signature="startUp()[pri:0, instance:actions.SearchFieldTestSuite@12843fce]" name="startUp" is-config="true" duration-ms="25896" started-at="2019-08-24T12:56:01Z" finished-at="2019-08-24T12:56:27Z">
          <reporter-output>
          </reporter-output>
        </test-method> <!-- startUp -->
        <test-method status="PASS" signature="verifySearchFieldReturnsSavedPaymentItemsFirst()[pri:1, instance:actions.SearchFieldTestSuite@12843fce]" name="verifySearchFieldReturnsSavedPaymentItemsFirst" duration-ms="17393" started-at="2019-08-24T12:56:27Z" finished-at="2019-08-24T12:56:44Z">
          <reporter-output>
          </reporter-output>
        </test-method> <!-- verifySearchFieldReturnsSavedPaymentItemsFirst -->
        <test-method status="PASS" signature="verifyUserReturnstoDashBoardScreenWhenSearchCriteiraIsRemovedFromSearchField()[pri:2, instance:actions.SearchFieldTestSuite@12843fce]" name="verifyUserReturnstoDashBoardScreenWhenSearchCriteiraIsRemovedFromSearchField" duration-ms="462" started-at="2019-08-24T12:56:44Z" finished-at="2019-08-24T12:56:45Z">
          <reporter-output>
          </reporter-output>
        </test-method> <!-- verifyUserReturnstoDashBoardScreenWhenSearchCriteiraIsRemovedFromSearchField -->
        <test-method status="PASS" signature="verifySearchFieldReturnsBillerListAfterSavedPaymentOptionsAreExausted()[pri:3, instance:actions.SearchFieldTestSuite@12843fce]" name="verifySearchFieldReturnsBillerListAfterSavedPaymentOptionsAreExausted" duration-ms="2241" started-at="2019-08-24T12:56:45Z" finished-at="2019-08-24T12:56:47Z">
          <reporter-output>
          </reporter-output>
        </test-method> <!-- verifySearchFieldReturnsBillerListAfterSavedPaymentOptionsAreExausted -->
        <test-method status="PASS" signature="tearDown()[pri:0, instance:actions.SearchFieldTestSuite@12843fce]" name="tearDown" is-config="true" duration-ms="9489" started-at="2019-08-24T12:56:47Z" finished-at="2019-08-24T12:56:56Z">
          <reporter-output>
          </reporter-output>
        </test-method> <!-- tearDown -->
      </class> <!-- actions.SearchFieldTestSuite -->
    </test> <!-- Test5 -->
    <test name="Test6" duration-ms="155396" started-at="2019-08-24T11:56:56Z" finished-at="2019-08-24T11:59:32Z">
      <class name="actions.OTPTestSuite">
        <test-method status="PASS" signature="startUp()[pri:0, instance:actions.OTPTestSuite@13a57a3b]" name="startUp" is-config="true" duration-ms="25847" started-at="2019-08-24T12:56:56Z" finished-at="2019-08-24T12:57:22Z">
          <reporter-output>
          </reporter-output>
        </test-method> <!-- startUp -->
        <test-method status="FAIL" signature="verifyOTPScreenDisplays()[pri:1, instance:actions.OTPTestSuite@13a57a3b]" name="verifyOTPScreenDisplays" duration-ms="34297" started-at="2019-08-24T12:57:22Z" finished-at="2019-08-24T12:57:57Z">
          <exception class="org.openqa.selenium.NoSuchElementException">
            <message>
              <![CDATA[Unable to locate element: //body/section[@id='root']/div[@id='wrapper']/section/section/header[@id='topBarHeader']/section[@id='topBarHeaderAccount']/section[@id='account']/section[@id='dashboardContainer']/section[contains(@class,'')]/section[6]/section[1]/section[1]/section[2]/section[1]/section[1]
For documentation on this error, please visit: http://seleniumhq.org/exceptions/no_such_element.html
Build info: version: '3.7.1', revision: '8a0099a', time: '2017-11-06T21:01:39.354Z'
System info: host: 'ISW-GSIG-UO1', ip: '172.16.5.91', os.name: 'Windows 10', os.arch: 'amd64', os.version: '10.0', java.version: '1.8.0_201'
Driver info: org.openqa.selenium.firefox.FirefoxDriver
Capabilities {acceptInsecureCerts: true, browserName: firefox, browserVersion: 68.0.1, javascriptEnabled: true, moz:accessibilityChecks: false, moz:buildID: 20190717172542, moz:geckodriverVersion: 0.24.0, moz:headless: false, moz:processID: 7196, moz:profile: C:\Users\efetobor.obominuru..., moz:shutdownTimeout: 60000, moz:useNonSpecCompliantPointerOrigin: false, moz:webdriverClick: true, pageLoadStrategy: normal, platform: WINDOWS, platformName: WINDOWS, platformVersion: 10.0, rotatable: false, setWindowRect: true, strictFileInteractability: false, timeouts: {implicit: 0, pageLoad: 300000, script: 30000}, unhandledPromptBehavior: dismiss and notify}
Session ID: 3fb175ef-27ff-45f3-bf29-b95fe46435eb
*** Element info: {Using=xpath, value=//body/section[@id='root']/div[@id='wrapper']/section/section/header[@id='topBarHeader']/section[@id='topBarHeaderAccount']/section[@id='account']/section[@id='dashboardContainer']/section[contains(@class,'')]/section[6]/section[1]/section[1]/section[2]/section[1]/section[1]}]]>
            </message>
            <full-stacktrace>
              <![CDATA[org.openqa.selenium.NoSuchElementException: Unable to locate element: //body/section[@id='root']/div[@id='wrapper']/section/section/header[@id='topBarHeader']/section[@id='topBarHeaderAccount']/section[@id='account']/section[@id='dashboardContainer']/section[contains(@class,'')]/section[6]/section[1]/section[1]/section[2]/section[1]/section[1]
For documentation on this error, please visit: http://seleniumhq.org/exceptions/no_such_element.html
Build info: version: '3.7.1', revision: '8a0099a', time: '2017-11-06T21:01:39.354Z'
System info: host: 'ISW-GSIG-UO1', ip: '172.16.5.91', os.name: 'Windows 10', os.arch: 'amd64', os.version: '10.0', java.version: '1.8.0_201'
Driver info: org.openqa.selenium.firefox.FirefoxDriver
Capabilities {acceptInsecureCerts: true, browserName: firefox, browserVersion: 68.0.1, javascriptEnabled: true, moz:accessibilityChecks: false, moz:buildID: 20190717172542, moz:geckodriverVersion: 0.24.0, moz:headless: false, moz:processID: 7196, moz:profile: C:\Users\efetobor.obominuru..., moz:shutdownTimeout: 60000, moz:useNonSpecCompliantPointerOrigin: false, moz:webdriverClick: true, pageLoadStrategy: normal, platform: WINDOWS, platformName: WINDOWS, platformVersion: 10.0, rotatable: false, setWindowRect: true, strictFileInteractability: false, timeouts: {implicit: 0, pageLoad: 300000, script: 30000}, unhandledPromptBehavior: dismiss and notify}
Session ID: 3fb175ef-27ff-45f3-bf29-b95fe46435eb
*** Element info: {Using=xpath, value=//body/section[@id='root']/div[@id='wrapper']/section/section/header[@id='topBarHeader']/section[@id='topBarHeaderAccount']/section[@id='account']/section[@id='dashboardContainer']/section[contains(@class,'')]/section[6]/section[1]/section[1]/section[2]/section[1]/section[1]}
	at sun.reflect.NativeConstructorAccessorImpl.newInstance0(Native Method)
	at sun.reflect.NativeConstructorAccessorImpl.newInstance(NativeConstructorAccessorImpl.java:62)
	at sun.reflect.DelegatingConstructorAccessorImpl.newInstance(DelegatingConstructorAccessorImpl.java:45)
	at java.lang.reflect.Constructor.newInstance(Constructor.java:423)
	at org.openqa.selenium.remote.http.W3CHttpResponseCodec.createException(W3CHttpResponseCodec.java:187)
	at org.openqa.selenium.remote.http.W3CHttpResponseCodec.decode(W3CHttpResponseCodec.java:122)
	at org.openqa.selenium.remote.http.W3CHttpResponseCodec.decode(W3CHttpResponseCodec.java:49)
	at org.openqa.selenium.remote.HttpCommandExecutor.execute(HttpCommandExecutor.java:164)
	at org.openqa.selenium.remote.service.DriverCommandExecutor.execute(DriverCommandExecutor.java:83)
	at org.openqa.selenium.remote.RemoteWebDriver.execute(RemoteWebDriver.java:600)
	at org.openqa.selenium.remote.RemoteWebDriver.findElement(RemoteWebDriver.java:370)
	at org.openqa.selenium.remote.RemoteWebDriver.findElementByXPath(RemoteWebDriver.java:472)
	at org.openqa.selenium.By$ByXPath.findElement(By.java:361)
	at org.openqa.selenium.remote.RemoteWebDriver.findElement(RemoteWebDriver.java:362)
	at pages.Dashboard.VerifyRecurringAirtimeIconIsPresent(Dashboard.java:117)
	at methods.BuyAirtimeCardRequiresOTP.BuyAirtime7499CardRequiresOTP(BuyAirtimeCardRequiresOTP.java:45)
	at actions.OTPTestSuite.verifyOTPScreenDisplays(OTPTestSuite.java:40)
	at sun.reflect.NativeMethodAccessorImpl.invoke0(Native Method)
	at sun.reflect.NativeMethodAccessorImpl.invoke(NativeMethodAccessorImpl.java:62)
	at sun.reflect.DelegatingMethodAccessorImpl.invoke(DelegatingMethodAccessorImpl.java:43)
	at java.lang.reflect.Method.invoke(Method.java:498)
	at org.testng.internal.MethodInvocationHelper.invokeMethod(MethodInvocationHelper.java:104)
	at org.testng.internal.Invoker.invokeMethod(Invoker.java:645)
	at org.testng.internal.Invoker.invokeTestMethod(Invoker.java:851)
	at org.testng.internal.Invoker.invokeTestMethods(Invoker.java:1177)
	at org.testng.internal.TestMethodWorker.invokeTestMethods(TestMethodWorker.java:129)
	at org.testng.internal.TestMethodWorker.run(TestMethodWorker.java:112)
	at org.testng.TestRunner.privateRun(TestRunner.java:756)
	at org.testng.TestRunner.run(TestRunner.java:610)
	at org.testng.SuiteRunner.runTest(SuiteRunner.java:387)
	at org.testng.SuiteRunner.runSequentially(SuiteRunner.java:382)
	at org.testng.SuiteRunner.privateRun(SuiteRunner.java:340)
	at org.testng.SuiteRunner.run(SuiteRunner.java:289)
	at org.testng.SuiteRunnerWorker.runSuite(SuiteRunnerWorker.java:52)
	at org.testng.SuiteRunnerWorker.run(SuiteRunnerWorker.java:86)
	at org.testng.TestNG.runSuitesSequentially(TestNG.java:1293)
	at org.testng.TestNG.runSuitesLocally(TestNG.java:1218)
	at org.testng.TestNG.runSuites(TestNG.java:1133)
	at org.testng.TestNG.run(TestNG.java:1104)
	at org.apache.maven.surefire.testng.TestNGExecutor.run(TestNGExecutor.java:283)
	at org.apache.maven.surefire.testng.TestNGXmlTestSuite.execute(TestNGXmlTestSuite.java:75)
	at org.apache.maven.surefire.testng.TestNGProvider.invoke(TestNGProvider.java:120)
	at org.apache.maven.surefire.booter.ForkedBooter.invokeProviderInSameClassLoader(ForkedBooter.java:384)
	at org.apache.maven.surefire.booter.ForkedBooter.runSuitesInProcess(ForkedBooter.java:345)
	at org.apache.maven.surefire.booter.ForkedBooter.execute(ForkedBooter.java:126)
	at org.apache.maven.surefire.booter.ForkedBooter.main(ForkedBooter.java:418)
]]>
            </full-stacktrace>
          </exception> <!-- org.openqa.selenium.NoSuchElementException -->
          <reporter-output>
          </reporter-output>
        </test-method> <!-- verifyOTPScreenDisplays -->
        <test-method status="FAIL" signature="InvalidOTPTest()[pri:2, instance:actions.OTPTestSuite@13a57a3b]" name="InvalidOTPTest" duration-ms="30024" started-at="2019-08-24T12:57:57Z" finished-at="2019-08-24T12:58:27Z">
          <exception class="org.openqa.selenium.NoSuchElementException">
            <message>
              <![CDATA[Unable to locate element: //input[@id='otp']
For documentation on this error, please visit: http://seleniumhq.org/exceptions/no_such_element.html
Build info: version: '3.7.1', revision: '8a0099a', time: '2017-11-06T21:01:39.354Z'
System info: host: 'ISW-GSIG-UO1', ip: '172.16.5.91', os.name: 'Windows 10', os.arch: 'amd64', os.version: '10.0', java.version: '1.8.0_201'
Driver info: org.openqa.selenium.firefox.FirefoxDriver
Capabilities {acceptInsecureCerts: true, browserName: firefox, browserVersion: 68.0.1, javascriptEnabled: true, moz:accessibilityChecks: false, moz:buildID: 20190717172542, moz:geckodriverVersion: 0.24.0, moz:headless: false, moz:processID: 7196, moz:profile: C:\Users\efetobor.obominuru..., moz:shutdownTimeout: 60000, moz:useNonSpecCompliantPointerOrigin: false, moz:webdriverClick: true, pageLoadStrategy: normal, platform: WINDOWS, platformName: WINDOWS, platformVersion: 10.0, rotatable: false, setWindowRect: true, strictFileInteractability: false, timeouts: {implicit: 0, pageLoad: 300000, script: 30000}, unhandledPromptBehavior: dismiss and notify}
Session ID: 3fb175ef-27ff-45f3-bf29-b95fe46435eb
*** Element info: {Using=xpath, value=//input[@id='otp']}]]>
            </message>
            <full-stacktrace>
              <![CDATA[org.openqa.selenium.NoSuchElementException: Unable to locate element: //input[@id='otp']
For documentation on this error, please visit: http://seleniumhq.org/exceptions/no_such_element.html
Build info: version: '3.7.1', revision: '8a0099a', time: '2017-11-06T21:01:39.354Z'
System info: host: 'ISW-GSIG-UO1', ip: '172.16.5.91', os.name: 'Windows 10', os.arch: 'amd64', os.version: '10.0', java.version: '1.8.0_201'
Driver info: org.openqa.selenium.firefox.FirefoxDriver
Capabilities {acceptInsecureCerts: true, browserName: firefox, browserVersion: 68.0.1, javascriptEnabled: true, moz:accessibilityChecks: false, moz:buildID: 20190717172542, moz:geckodriverVersion: 0.24.0, moz:headless: false, moz:processID: 7196, moz:profile: C:\Users\efetobor.obominuru..., moz:shutdownTimeout: 60000, moz:useNonSpecCompliantPointerOrigin: false, moz:webdriverClick: true, pageLoadStrategy: normal, platform: WINDOWS, platformName: WINDOWS, platformVersion: 10.0, rotatable: false, setWindowRect: true, strictFileInteractability: false, timeouts: {implicit: 0, pageLoad: 300000, script: 30000}, unhandledPromptBehavior: dismiss and notify}
Session ID: 3fb175ef-27ff-45f3-bf29-b95fe46435eb
*** Element info: {Using=xpath, value=//input[@id='otp']}
	at sun.reflect.NativeConstructorAccessorImpl.newInstance0(Native Method)
	at sun.reflect.NativeConstructorAccessorImpl.newInstance(NativeConstructorAccessorImpl.java:62)
	at sun.reflect.DelegatingConstructorAccessorImpl.newInstance(DelegatingConstructorAccessorImpl.java:45)
	at java.lang.reflect.Constructor.newInstance(Constructor.java:423)
	at org.openqa.selenium.remote.http.W3CHttpResponseCodec.createException(W3CHttpResponseCodec.java:187)
	at org.openqa.selenium.remote.http.W3CHttpResponseCodec.decode(W3CHttpResponseCodec.java:122)
	at org.openqa.selenium.remote.http.W3CHttpResponseCodec.decode(W3CHttpResponseCodec.java:49)
	at org.openqa.selenium.remote.HttpCommandExecutor.execute(HttpCommandExecutor.java:164)
	at org.openqa.selenium.remote.service.DriverCommandExecutor.execute(DriverCommandExecutor.java:83)
	at org.openqa.selenium.remote.RemoteWebDriver.execute(RemoteWebDriver.java:600)
	at org.openqa.selenium.remote.RemoteWebDriver.findElement(RemoteWebDriver.java:370)
	at org.openqa.selenium.remote.RemoteWebDriver.findElementByXPath(RemoteWebDriver.java:472)
	at org.openqa.selenium.By$ByXPath.findElement(By.java:361)
	at org.openqa.selenium.remote.RemoteWebDriver.findElement(RemoteWebDriver.java:362)
	at pages.OTPScreen.EnterOtpInOtpField(OTPScreen.java:100)
	at actions.OTPTestSuite.InvalidOTPTest(OTPTestSuite.java:54)
	at sun.reflect.NativeMethodAccessorImpl.invoke0(Native Method)
	at sun.reflect.NativeMethodAccessorImpl.invoke(NativeMethodAccessorImpl.java:62)
	at sun.reflect.DelegatingMethodAccessorImpl.invoke(DelegatingMethodAccessorImpl.java:43)
	at java.lang.reflect.Method.invoke(Method.java:498)
	at org.testng.internal.MethodInvocationHelper.invokeMethod(MethodInvocationHelper.java:104)
	at org.testng.internal.Invoker.invokeMethod(Invoker.java:645)
	at org.testng.internal.Invoker.invokeTestMethod(Invoker.java:851)
	at org.testng.internal.Invoker.invokeTestMethods(Invoker.java:1177)
	at org.testng.internal.TestMethodWorker.invokeTestMethods(TestMethodWorker.java:129)
	at org.testng.internal.TestMethodWorker.run(TestMethodWorker.java:112)
	at org.testng.TestRunner.privateRun(TestRunner.java:756)
	at org.testng.TestRunner.run(TestRunner.java:610)
	at org.testng.SuiteRunner.runTest(SuiteRunner.java:387)
	at org.testng.SuiteRunner.runSequentially(SuiteRunner.java:382)
	at org.testng.SuiteRunner.privateRun(SuiteRunner.java:340)
	at org.testng.SuiteRunner.run(SuiteRunner.java:289)
	at org.testng.SuiteRunnerWorker.runSuite(SuiteRunnerWorker.java:52)
	at org.testng.SuiteRunnerWorker.run(SuiteRunnerWorker.java:86)
	at org.testng.TestNG.runSuitesSequentially(TestNG.java:1293)
	at org.testng.TestNG.runSuitesLocally(TestNG.java:1218)
	at org.testng.TestNG.runSuites(TestNG.java:1133)
	at org.testng.TestNG.run(TestNG.java:1104)
	at org.apache.maven.surefire.testng.TestNGExecutor.run(TestNGExecutor.java:283)
	at org.apache.maven.surefire.testng.TestNGXmlTestSuite.execute(TestNGXmlTestSuite.java:75)
	at org.apache.maven.surefire.testng.TestNGProvider.invoke(TestNGProvider.java:120)
	at org.apache.maven.surefire.booter.ForkedBooter.invokeProviderInSameClassLoader(ForkedBooter.java:384)
	at org.apache.maven.surefire.booter.ForkedBooter.runSuitesInProcess(ForkedBooter.java:345)
	at org.apache.maven.surefire.booter.ForkedBooter.execute(ForkedBooter.java:126)
	at org.apache.maven.surefire.booter.ForkedBooter.main(ForkedBooter.java:418)
]]>
            </full-stacktrace>
          </exception> <!-- org.openqa.selenium.NoSuchElementException -->
          <reporter-output>
          </reporter-output>
        </test-method> <!-- InvalidOTPTest -->
        <test-method status="FAIL" signature="doNotEnterOTPTest()[pri:3, instance:actions.OTPTestSuite@13a57a3b]" name="doNotEnterOTPTest" duration-ms="30018" started-at="2019-08-24T12:58:27Z" finished-at="2019-08-24T12:58:57Z">
          <exception class="org.openqa.selenium.NoSuchElementException">
            <message>
              <![CDATA[Unable to locate element: //button[@class='ladda-button btn btn-primary btn-block']
For documentation on this error, please visit: http://seleniumhq.org/exceptions/no_such_element.html
Build info: version: '3.7.1', revision: '8a0099a', time: '2017-11-06T21:01:39.354Z'
System info: host: 'ISW-GSIG-UO1', ip: '172.16.5.91', os.name: 'Windows 10', os.arch: 'amd64', os.version: '10.0', java.version: '1.8.0_201'
Driver info: org.openqa.selenium.firefox.FirefoxDriver
Capabilities {acceptInsecureCerts: true, browserName: firefox, browserVersion: 68.0.1, javascriptEnabled: true, moz:accessibilityChecks: false, moz:buildID: 20190717172542, moz:geckodriverVersion: 0.24.0, moz:headless: false, moz:processID: 7196, moz:profile: C:\Users\efetobor.obominuru..., moz:shutdownTimeout: 60000, moz:useNonSpecCompliantPointerOrigin: false, moz:webdriverClick: true, pageLoadStrategy: normal, platform: WINDOWS, platformName: WINDOWS, platformVersion: 10.0, rotatable: false, setWindowRect: true, strictFileInteractability: false, timeouts: {implicit: 0, pageLoad: 300000, script: 30000}, unhandledPromptBehavior: dismiss and notify}
Session ID: 3fb175ef-27ff-45f3-bf29-b95fe46435eb
*** Element info: {Using=xpath, value=//button[@class='ladda-button btn btn-primary btn-block']}]]>
            </message>
            <full-stacktrace>
              <![CDATA[org.openqa.selenium.NoSuchElementException: Unable to locate element: //button[@class='ladda-button btn btn-primary btn-block']
For documentation on this error, please visit: http://seleniumhq.org/exceptions/no_such_element.html
Build info: version: '3.7.1', revision: '8a0099a', time: '2017-11-06T21:01:39.354Z'
System info: host: 'ISW-GSIG-UO1', ip: '172.16.5.91', os.name: 'Windows 10', os.arch: 'amd64', os.version: '10.0', java.version: '1.8.0_201'
Driver info: org.openqa.selenium.firefox.FirefoxDriver
Capabilities {acceptInsecureCerts: true, browserName: firefox, browserVersion: 68.0.1, javascriptEnabled: true, moz:accessibilityChecks: false, moz:buildID: 20190717172542, moz:geckodriverVersion: 0.24.0, moz:headless: false, moz:processID: 7196, moz:profile: C:\Users\efetobor.obominuru..., moz:shutdownTimeout: 60000, moz:useNonSpecCompliantPointerOrigin: false, moz:webdriverClick: true, pageLoadStrategy: normal, platform: WINDOWS, platformName: WINDOWS, platformVersion: 10.0, rotatable: false, setWindowRect: true, strictFileInteractability: false, timeouts: {implicit: 0, pageLoad: 300000, script: 30000}, unhandledPromptBehavior: dismiss and notify}
Session ID: 3fb175ef-27ff-45f3-bf29-b95fe46435eb
*** Element info: {Using=xpath, value=//button[@class='ladda-button btn btn-primary btn-block']}
	at sun.reflect.NativeConstructorAccessorImpl.newInstance0(Native Method)
	at sun.reflect.NativeConstructorAccessorImpl.newInstance(NativeConstructorAccessorImpl.java:62)
	at sun.reflect.DelegatingConstructorAccessorImpl.newInstance(DelegatingConstructorAccessorImpl.java:45)
	at java.lang.reflect.Constructor.newInstance(Constructor.java:423)
	at org.openqa.selenium.remote.http.W3CHttpResponseCodec.createException(W3CHttpResponseCodec.java:187)
	at org.openqa.selenium.remote.http.W3CHttpResponseCodec.decode(W3CHttpResponseCodec.java:122)
	at org.openqa.selenium.remote.http.W3CHttpResponseCodec.decode(W3CHttpResponseCodec.java:49)
	at org.openqa.selenium.remote.HttpCommandExecutor.execute(HttpCommandExecutor.java:164)
	at org.openqa.selenium.remote.service.DriverCommandExecutor.execute(DriverCommandExecutor.java:83)
	at org.openqa.selenium.remote.RemoteWebDriver.execute(RemoteWebDriver.java:600)
	at org.openqa.selenium.remote.RemoteWebDriver.findElement(RemoteWebDriver.java:370)
	at org.openqa.selenium.remote.RemoteWebDriver.findElementByXPath(RemoteWebDriver.java:472)
	at org.openqa.selenium.By$ByXPath.findElement(By.java:361)
	at org.openqa.selenium.remote.RemoteWebDriver.findElement(RemoteWebDriver.java:362)
	at pages.OTPScreen.clickOnPayButtonOnOtpScreen(OTPScreen.java:25)
	at actions.OTPTestSuite.doNotEnterOTPTest(OTPTestSuite.java:65)
	at sun.reflect.NativeMethodAccessorImpl.invoke0(Native Method)
	at sun.reflect.NativeMethodAccessorImpl.invoke(NativeMethodAccessorImpl.java:62)
	at sun.reflect.DelegatingMethodAccessorImpl.invoke(DelegatingMethodAccessorImpl.java:43)
	at java.lang.reflect.Method.invoke(Method.java:498)
	at org.testng.internal.MethodInvocationHelper.invokeMethod(MethodInvocationHelper.java:104)
	at org.testng.internal.Invoker.invokeMethod(Invoker.java:645)
	at org.testng.internal.Invoker.invokeTestMethod(Invoker.java:851)
	at org.testng.internal.Invoker.invokeTestMethods(Invoker.java:1177)
	at org.testng.internal.TestMethodWorker.invokeTestMethods(TestMethodWorker.java:129)
	at org.testng.internal.TestMethodWorker.run(TestMethodWorker.java:112)
	at org.testng.TestRunner.privateRun(TestRunner.java:756)
	at org.testng.TestRunner.run(TestRunner.java:610)
	at org.testng.SuiteRunner.runTest(SuiteRunner.java:387)
	at org.testng.SuiteRunner.runSequentially(SuiteRunner.java:382)
	at org.testng.SuiteRunner.privateRun(SuiteRunner.java:340)
	at org.testng.SuiteRunner.run(SuiteRunner.java:289)
	at org.testng.SuiteRunnerWorker.runSuite(SuiteRunnerWorker.java:52)
	at org.testng.SuiteRunnerWorker.run(SuiteRunnerWorker.java:86)
	at org.testng.TestNG.runSuitesSequentially(TestNG.java:1293)
	at org.testng.TestNG.runSuitesLocally(TestNG.java:1218)
	at org.testng.TestNG.runSuites(TestNG.java:1133)
	at org.testng.TestNG.run(TestNG.java:1104)
	at org.apache.maven.surefire.testng.TestNGExecutor.run(TestNGExecutor.java:283)
	at org.apache.maven.surefire.testng.TestNGXmlTestSuite.execute(TestNGXmlTestSuite.java:75)
	at org.apache.maven.surefire.testng.TestNGProvider.invoke(TestNGProvider.java:120)
	at org.apache.maven.surefire.booter.ForkedBooter.invokeProviderInSameClassLoader(ForkedBooter.java:384)
	at org.apache.maven.surefire.booter.ForkedBooter.runSuitesInProcess(ForkedBooter.java:345)
	at org.apache.maven.surefire.booter.ForkedBooter.execute(ForkedBooter.java:126)
	at org.apache.maven.surefire.booter.ForkedBooter.main(ForkedBooter.java:418)
]]>
            </full-stacktrace>
          </exception> <!-- org.openqa.selenium.NoSuchElementException -->
          <reporter-output>
          </reporter-output>
        </test-method> <!-- doNotEnterOTPTest -->
        <test-method status="FAIL" signature="ResendOtpTest()[pri:4, instance:actions.OTPTestSuite@13a57a3b]" name="ResendOtpTest" duration-ms="30021" started-at="2019-08-24T12:58:57Z" finished-at="2019-08-24T12:59:27Z">
          <exception class="org.openqa.selenium.NoSuchElementException">
            <message>
              <![CDATA[Unable to locate element: //section[contains(text(),'Resend OTP')]
For documentation on this error, please visit: http://seleniumhq.org/exceptions/no_such_element.html
Build info: version: '3.7.1', revision: '8a0099a', time: '2017-11-06T21:01:39.354Z'
System info: host: 'ISW-GSIG-UO1', ip: '172.16.5.91', os.name: 'Windows 10', os.arch: 'amd64', os.version: '10.0', java.version: '1.8.0_201'
Driver info: org.openqa.selenium.firefox.FirefoxDriver
Capabilities {acceptInsecureCerts: true, browserName: firefox, browserVersion: 68.0.1, javascriptEnabled: true, moz:accessibilityChecks: false, moz:buildID: 20190717172542, moz:geckodriverVersion: 0.24.0, moz:headless: false, moz:processID: 7196, moz:profile: C:\Users\efetobor.obominuru..., moz:shutdownTimeout: 60000, moz:useNonSpecCompliantPointerOrigin: false, moz:webdriverClick: true, pageLoadStrategy: normal, platform: WINDOWS, platformName: WINDOWS, platformVersion: 10.0, rotatable: false, setWindowRect: true, strictFileInteractability: false, timeouts: {implicit: 0, pageLoad: 300000, script: 30000}, unhandledPromptBehavior: dismiss and notify}
Session ID: 3fb175ef-27ff-45f3-bf29-b95fe46435eb
*** Element info: {Using=xpath, value=//section[contains(text(),'Resend OTP')]}]]>
            </message>
            <full-stacktrace>
              <![CDATA[org.openqa.selenium.NoSuchElementException: Unable to locate element: //section[contains(text(),'Resend OTP')]
For documentation on this error, please visit: http://seleniumhq.org/exceptions/no_such_element.html
Build info: version: '3.7.1', revision: '8a0099a', time: '2017-11-06T21:01:39.354Z'
System info: host: 'ISW-GSIG-UO1', ip: '172.16.5.91', os.name: 'Windows 10', os.arch: 'amd64', os.version: '10.0', java.version: '1.8.0_201'
Driver info: org.openqa.selenium.firefox.FirefoxDriver
Capabilities {acceptInsecureCerts: true, browserName: firefox, browserVersion: 68.0.1, javascriptEnabled: true, moz:accessibilityChecks: false, moz:buildID: 20190717172542, moz:geckodriverVersion: 0.24.0, moz:headless: false, moz:processID: 7196, moz:profile: C:\Users\efetobor.obominuru..., moz:shutdownTimeout: 60000, moz:useNonSpecCompliantPointerOrigin: false, moz:webdriverClick: true, pageLoadStrategy: normal, platform: WINDOWS, platformName: WINDOWS, platformVersion: 10.0, rotatable: false, setWindowRect: true, strictFileInteractability: false, timeouts: {implicit: 0, pageLoad: 300000, script: 30000}, unhandledPromptBehavior: dismiss and notify}
Session ID: 3fb175ef-27ff-45f3-bf29-b95fe46435eb
*** Element info: {Using=xpath, value=//section[contains(text(),'Resend OTP')]}
	at sun.reflect.NativeConstructorAccessorImpl.newInstance0(Native Method)
	at sun.reflect.NativeConstructorAccessorImpl.newInstance(NativeConstructorAccessorImpl.java:62)
	at sun.reflect.DelegatingConstructorAccessorImpl.newInstance(DelegatingConstructorAccessorImpl.java:45)
	at java.lang.reflect.Constructor.newInstance(Constructor.java:423)
	at org.openqa.selenium.remote.http.W3CHttpResponseCodec.createException(W3CHttpResponseCodec.java:187)
	at org.openqa.selenium.remote.http.W3CHttpResponseCodec.decode(W3CHttpResponseCodec.java:122)
	at org.openqa.selenium.remote.http.W3CHttpResponseCodec.decode(W3CHttpResponseCodec.java:49)
	at org.openqa.selenium.remote.HttpCommandExecutor.execute(HttpCommandExecutor.java:164)
	at org.openqa.selenium.remote.service.DriverCommandExecutor.execute(DriverCommandExecutor.java:83)
	at org.openqa.selenium.remote.RemoteWebDriver.execute(RemoteWebDriver.java:600)
	at org.openqa.selenium.remote.RemoteWebDriver.findElement(RemoteWebDriver.java:370)
	at org.openqa.selenium.remote.RemoteWebDriver.findElementByXPath(RemoteWebDriver.java:472)
	at org.openqa.selenium.By$ByXPath.findElement(By.java:361)
	at org.openqa.selenium.remote.RemoteWebDriver.findElement(RemoteWebDriver.java:362)
	at pages.OTPScreen.VerifyResendOtpLinkIsPresent(OTPScreen.java:84)
	at actions.OTPTestSuite.ResendOtpTest(OTPTestSuite.java:74)
	at sun.reflect.NativeMethodAccessorImpl.invoke0(Native Method)
	at sun.reflect.NativeMethodAccessorImpl.invoke(NativeMethodAccessorImpl.java:62)
	at sun.reflect.DelegatingMethodAccessorImpl.invoke(DelegatingMethodAccessorImpl.java:43)
	at java.lang.reflect.Method.invoke(Method.java:498)
	at org.testng.internal.MethodInvocationHelper.invokeMethod(MethodInvocationHelper.java:104)
	at org.testng.internal.Invoker.invokeMethod(Invoker.java:645)
	at org.testng.internal.Invoker.invokeTestMethod(Invoker.java:851)
	at org.testng.internal.Invoker.invokeTestMethods(Invoker.java:1177)
	at org.testng.internal.TestMethodWorker.invokeTestMethods(TestMethodWorker.java:129)
	at org.testng.internal.TestMethodWorker.run(TestMethodWorker.java:112)
	at org.testng.TestRunner.privateRun(TestRunner.java:756)
	at org.testng.TestRunner.run(TestRunner.java:610)
	at org.testng.SuiteRunner.runTest(SuiteRunner.java:387)
	at org.testng.SuiteRunner.runSequentially(SuiteRunner.java:382)
	at org.testng.SuiteRunner.privateRun(SuiteRunner.java:340)
	at org.testng.SuiteRunner.run(SuiteRunner.java:289)
	at org.testng.SuiteRunnerWorker.runSuite(SuiteRunnerWorker.java:52)
	at org.testng.SuiteRunnerWorker.run(SuiteRunnerWorker.java:86)
	at org.testng.TestNG.runSuitesSequentially(TestNG.java:1293)
	at org.testng.TestNG.runSuitesLocally(TestNG.java:1218)
	at org.testng.TestNG.runSuites(TestNG.java:1133)
	at org.testng.TestNG.run(TestNG.java:1104)
	at org.apache.maven.surefire.testng.TestNGExecutor.run(TestNGExecutor.java:283)
	at org.apache.maven.surefire.testng.TestNGXmlTestSuite.execute(TestNGXmlTestSuite.java:75)
	at org.apache.maven.surefire.testng.TestNGProvider.invoke(TestNGProvider.java:120)
	at org.apache.maven.surefire.booter.ForkedBooter.invokeProviderInSameClassLoader(ForkedBooter.java:384)
	at org.apache.maven.surefire.booter.ForkedBooter.runSuitesInProcess(ForkedBooter.java:345)
	at org.apache.maven.surefire.booter.ForkedBooter.execute(ForkedBooter.java:126)
	at org.apache.maven.surefire.booter.ForkedBooter.main(ForkedBooter.java:418)
]]>
            </full-stacktrace>
          </exception> <!-- org.openqa.selenium.NoSuchElementException -->
          <reporter-output>
          </reporter-output>
        </test-method> <!-- ResendOtpTest -->
        <test-method status="PASS" signature="tearDown()[pri:0, instance:actions.OTPTestSuite@13a57a3b]" name="tearDown" is-config="true" duration-ms="5178" started-at="2019-08-24T12:59:27Z" finished-at="2019-08-24T12:59:32Z">
          <reporter-output>
          </reporter-output>
        </test-method> <!-- tearDown -->
      </class> <!-- actions.OTPTestSuite -->
    </test> <!-- Test6 -->
  </suite> <!-- Suite -->
</testng-results>
