<?xml version="1.0" encoding="UTF-8"?>
<testsuite xmlns:xsi="http://www.w3.org/2001/XMLSchema-instance" xsi:noNamespaceSchemaLocation="https://maven.apache.org/surefire/maven-surefire-plugin/xsd/surefire-test-report-3.0.xsd" version="3.0" name="TestSuite" time="488.292" tests="19" errors="0" skipped="0" failures="5">
  <properties>
[...]
</properties>
  <testcase name="InvalidUsernameAndValidPassword" classname="actions.LoginTestSuite" time="63.047"/>
  <testcase name="validEmailAndInvalidPassword" classname="actions.LoginTestSuite" time="11.719"/>
  <testcase name="successfulLogin" classname="actions.LoginTestSuite" time="2.881"/>
  <testcase name="verifyHomeScreenElementsPresent" classname="actions.HomeScreenTestSuite" time="3.003"/>
  <testcase name="changeFirstLastNameSuccessfully" classname="actions.ProfilePageTestSuite" time="29.561">
    <failure message="Unable to locate element: //span[@id=&apos;ProfileDropDown&apos;]//*[@id=&apos;Capa_1&apos;]&#10;For documentation on this error, please visit: http://seleniumhq.org/exceptions/no_such_element.html&#10;Build info: version: &apos;3.7.1&apos;, revision: &apos;8a0099a&apos;, time: &apos;2017-11-06T21:01:39.354Z&apos;&#10;System info: host: &apos;ISW-GSIG-UO1&apos;, ip: &apos;172.23.23.109&apos;, os.name: &apos;Windows 10&apos;, os.arch: &apos;amd64&apos;, os.version: &apos;10.0&apos;, java.version: &apos;1.8.0_201&apos;&#10;Driver info: org.openqa.selenium.firefox.FirefoxDriver&#10;Capabilities {acceptInsecureCerts: true, browserName: firefox, browserVersion: 68.0, javascriptEnabled: true, moz:accessibilityChecks: false, moz:buildID: 20190705220548, moz:geckodriverVersion: 0.24.0, moz:headless: false, moz:processID: 17640, moz:profile: C:\Users\efetobor.obominuru..., moz:shutdownTimeout: 60000, moz:useNonSpecCompliantPointerOrigin: false, moz:webdriverClick: true, pageLoadStrategy: normal, platform: WINDOWS, platformName: WINDOWS, platformVersion: 10.0, rotatable: false, setWindowRect: true, strictFileInteractability: false, timeouts: {implicit: 0, pageLoad: 300000, script: 30000}, unhandledPromptBehavior: dismiss and notify}&#10;Session ID: a9326f39-28ef-455c-bc02-08f78856cc78&#10;*** Element info: {Using=xpath, value=//span[@id=&apos;ProfileDropDown&apos;]//*[@id=&apos;Capa_1&apos;]}" type="org.openqa.selenium.NoSuchElementException">org.openqa.selenium.NoSuchElementException: 
Unable to locate element: //span[@id='ProfileDropDown']//*[@id='Capa_1']
For documentation on this error, please visit: http://seleniumhq.org/exceptions/no_such_element.html
Build info: version: '3.7.1', revision: '8a0099a', time: '2017-11-06T21:01:39.354Z'
System info: host: 'ISW-GSIG-UO1', ip: '172.23.23.109', os.name: 'Windows 10', os.arch: 'amd64', os.version: '10.0', java.version: '1.8.0_201'
Driver info: org.openqa.selenium.firefox.FirefoxDriver
Capabilities {acceptInsecureCerts: true, browserName: firefox, browserVersion: 68.0, javascriptEnabled: true, moz:accessibilityChecks: false, moz:buildID: 20190705220548, moz:geckodriverVersion: 0.24.0, moz:headless: false, moz:processID: 17640, moz:profile: C:\Users\efetobor.obominuru..., moz:shutdownTimeout: 60000, moz:useNonSpecCompliantPointerOrigin: false, moz:webdriverClick: true, pageLoadStrategy: normal, platform: WINDOWS, platformName: WINDOWS, platformVersion: 10.0, rotatable: false, setWindowRect: true, strictFileInteractability: false, timeouts: {implicit: 0, pageLoad: 300000, script: 30000}, unhandledPromptBehavior: dismiss and notify}
Session ID: a9326f39-28ef-455c-bc02-08f78856cc78
*** Element info: {Using=xpath, value=//span[@id='ProfileDropDown']//*[@id='Capa_1']}
	at actions.ProfilePageTestSuite.changeFirstLastNameSuccessfully(ProfilePageTestSuite.java:55)
</failure>
    <system-out><![CDATA[Test Passed
loginButton ClickOn Successfully
UserName Successfully Entered
Password Successfully Entered
Login Button Clicked On
]]></system-out>
    <system-err><![CDATA[1564760517081	Marionette	INFO	Stopped listening on port 61328
[Parent 32100, Gecko_IOThread] WARNING: pipe error: 109: file z:/task_1562361253/build/src/ipc/chromium/src/chrome/common/ipc_channel_win.cc, line 341
[GPU 32
###!!! [Child][RunMessage] Error: Channel closing: too late to send/recv, messages will be lost

316, Chrome_ChildThread] WARNING: pipe error:
###!!! [Child][MessageChannel::SendAndWait] Error: Channel error: cannot send/recv

1564760547253	mozrunner::runner	INFO	Running command: "C:\\Program Files\\Mozilla Firefox\\firefox.exe" "-marionette" "-foreground" "-no-remote" "-profile" "C:\\Users\\EFETOB~1.OBO\\AppData\\Local\\Temp\\rust_mozprofile.fabMAy9Q7UwP"
1564760549905	addons.webextension.screenshots@mozilla.org	WARN	Loading extension 'screenshots@mozilla.org': Reading manifest: Invalid extension permission: mozillaAddons
1564760549906	addons.webextension.screenshots@mozilla.org	WARN	Loading extension 'screenshots@mozilla.org': Reading manifest: Invalid extension permission: telemetry
1564760549906	addons.webextension.screenshots@mozilla.org	WARN	Loading extension 'screenshots@mozilla.org': Reading manifest: Invalid extension permission: resource://pdf.js/
1564760549906	addons.webextension.screenshots@mozilla.org	WARN	Loading extension 'screenshots@mozilla.org': Reading manifest: Invalid extension permission: about:reader*
1564760553211	Marionette	INFO	Listening on port 61425
1564760553337	Marionette	WARN	TLS certificate errors will be ignored for this session
Aug 02, 2019 4:42:33 PM org.openqa.selenium.remote.ProtocolHandshake createSession
INFO: Detected dialect: W3C
]]></system-err>
  </testcase>
  <testcase name="changePasswordInvalidOldPassword" classname="actions.ProfilePageTestSuite" time="11.923">
    <failure message="Unable to locate element: //span[@id=&apos;ProfileDropDown&apos;]//*[@id=&apos;Capa_1&apos;]&#10;For documentation on this error, please visit: http://seleniumhq.org/exceptions/no_such_element.html&#10;Build info: version: &apos;3.7.1&apos;, revision: &apos;8a0099a&apos;, time: &apos;2017-11-06T21:01:39.354Z&apos;&#10;System info: host: &apos;ISW-GSIG-UO1&apos;, ip: &apos;172.23.23.109&apos;, os.name: &apos;Windows 10&apos;, os.arch: &apos;amd64&apos;, os.version: &apos;10.0&apos;, java.version: &apos;1.8.0_201&apos;&#10;Driver info: org.openqa.selenium.firefox.FirefoxDriver&#10;Capabilities {acceptInsecureCerts: true, browserName: firefox, browserVersion: 68.0, javascriptEnabled: true, moz:accessibilityChecks: false, moz:buildID: 20190705220548, moz:geckodriverVersion: 0.24.0, moz:headless: false, moz:processID: 17640, moz:profile: C:\Users\efetobor.obominuru..., moz:shutdownTimeout: 60000, moz:useNonSpecCompliantPointerOrigin: false, moz:webdriverClick: true, pageLoadStrategy: normal, platform: WINDOWS, platformName: WINDOWS, platformVersion: 10.0, rotatable: false, setWindowRect: true, strictFileInteractability: false, timeouts: {implicit: 0, pageLoad: 300000, script: 30000}, unhandledPromptBehavior: dismiss and notify}&#10;Session ID: a9326f39-28ef-455c-bc02-08f78856cc78&#10;*** Element info: {Using=xpath, value=//span[@id=&apos;ProfileDropDown&apos;]//*[@id=&apos;Capa_1&apos;]}" type="org.openqa.selenium.NoSuchElementException">org.openqa.selenium.NoSuchElementException: 
Unable to locate element: //span[@id='ProfileDropDown']//*[@id='Capa_1']
For documentation on this error, please visit: http://seleniumhq.org/exceptions/no_such_element.html
Build info: version: '3.7.1', revision: '8a0099a', time: '2017-11-06T21:01:39.354Z'
System info: host: 'ISW-GSIG-UO1', ip: '172.23.23.109', os.name: 'Windows 10', os.arch: 'amd64', os.version: '10.0', java.version: '1.8.0_201'
Driver info: org.openqa.selenium.firefox.FirefoxDriver
Capabilities {acceptInsecureCerts: true, browserName: firefox, browserVersion: 68.0, javascriptEnabled: true, moz:accessibilityChecks: false, moz:buildID: 20190705220548, moz:geckodriverVersion: 0.24.0, moz:headless: false, moz:processID: 17640, moz:profile: C:\Users\efetobor.obominuru..., moz:shutdownTimeout: 60000, moz:useNonSpecCompliantPointerOrigin: false, moz:webdriverClick: true, pageLoadStrategy: normal, platform: WINDOWS, platformName: WINDOWS, platformVersion: 10.0, rotatable: false, setWindowRect: true, strictFileInteractability: false, timeouts: {implicit: 0, pageLoad: 300000, script: 30000}, unhandledPromptBehavior: dismiss and notify}
Session ID: a9326f39-28ef-455c-bc02-08f78856cc78
*** Element info: {Using=xpath, value=//span[@id='ProfileDropDown']//*[@id='Capa_1']}
	at actions.ProfilePageTestSuite.changePasswordInvalidOldPassword(ProfilePageTestSuite.java:82)
</failure>
    <system-out><![CDATA[Test Passed
]]></system-out>
  </testcase>
  <testcase name="changePasswordAllFieldsEmpty" classname="actions.ProfilePageTestSuite" time="11.081">
    <failure message="Unable to locate element: //span[@id=&apos;ProfileDropDown&apos;]//*[@id=&apos;Capa_1&apos;]&#10;For documentation on this error, please visit: http://seleniumhq.org/exceptions/no_such_element.html&#10;Build info: version: &apos;3.7.1&apos;, revision: &apos;8a0099a&apos;, time: &apos;2017-11-06T21:01:39.354Z&apos;&#10;System info: host: &apos;ISW-GSIG-UO1&apos;, ip: &apos;172.23.23.109&apos;, os.name: &apos;Windows 10&apos;, os.arch: &apos;amd64&apos;, os.version: &apos;10.0&apos;, java.version: &apos;1.8.0_201&apos;&#10;Driver info: org.openqa.selenium.firefox.FirefoxDriver&#10;Capabilities {acceptInsecureCerts: true, browserName: firefox, browserVersion: 68.0, javascriptEnabled: true, moz:accessibilityChecks: false, moz:buildID: 20190705220548, moz:geckodriverVersion: 0.24.0, moz:headless: false, moz:processID: 17640, moz:profile: C:\Users\efetobor.obominuru..., moz:shutdownTimeout: 60000, moz:useNonSpecCompliantPointerOrigin: false, moz:webdriverClick: true, pageLoadStrategy: normal, platform: WINDOWS, platformName: WINDOWS, platformVersion: 10.0, rotatable: false, setWindowRect: true, strictFileInteractability: false, timeouts: {implicit: 0, pageLoad: 300000, script: 30000}, unhandledPromptBehavior: dismiss and notify}&#10;Session ID: a9326f39-28ef-455c-bc02-08f78856cc78&#10;*** Element info: {Using=xpath, value=//span[@id=&apos;ProfileDropDown&apos;]//*[@id=&apos;Capa_1&apos;]}" type="org.openqa.selenium.NoSuchElementException">org.openqa.selenium.NoSuchElementException: 
Unable to locate element: //span[@id='ProfileDropDown']//*[@id='Capa_1']
For documentation on this error, please visit: http://seleniumhq.org/exceptions/no_such_element.html
Build info: version: '3.7.1', revision: '8a0099a', time: '2017-11-06T21:01:39.354Z'
System info: host: 'ISW-GSIG-UO1', ip: '172.23.23.109', os.name: 'Windows 10', os.arch: 'amd64', os.version: '10.0', java.version: '1.8.0_201'
Driver info: org.openqa.selenium.firefox.FirefoxDriver
Capabilities {acceptInsecureCerts: true, browserName: firefox, browserVersion: 68.0, javascriptEnabled: true, moz:accessibilityChecks: false, moz:buildID: 20190705220548, moz:geckodriverVersion: 0.24.0, moz:headless: false, moz:processID: 17640, moz:profile: C:\Users\efetobor.obominuru..., moz:shutdownTimeout: 60000, moz:useNonSpecCompliantPointerOrigin: false, moz:webdriverClick: true, pageLoadStrategy: normal, platform: WINDOWS, platformName: WINDOWS, platformVersion: 10.0, rotatable: false, setWindowRect: true, strictFileInteractability: false, timeouts: {implicit: 0, pageLoad: 300000, script: 30000}, unhandledPromptBehavior: dismiss and notify}
Session ID: a9326f39-28ef-455c-bc02-08f78856cc78
*** Element info: {Using=xpath, value=//span[@id='ProfileDropDown']//*[@id='Capa_1']}
	at actions.ProfilePageTestSuite.changePasswordAllFieldsEmpty(ProfilePageTestSuite.java:106)
</failure>
    <system-out><![CDATA[Test Passed
]]></system-out>
  </testcase>
  <testcase name="changePasswordNewPasswordAndReTypePasswordFieldsAreEmpty" classname="actions.ProfilePageTestSuite" time="11.122">
    <failure message="Unable to locate element: //span[@id=&apos;ProfileDropDown&apos;]//*[@id=&apos;Capa_1&apos;]&#10;For documentation on this error, please visit: http://seleniumhq.org/exceptions/no_such_element.html&#10;Build info: version: &apos;3.7.1&apos;, revision: &apos;8a0099a&apos;, time: &apos;2017-11-06T21:01:39.354Z&apos;&#10;System info: host: &apos;ISW-GSIG-UO1&apos;, ip: &apos;172.23.23.109&apos;, os.name: &apos;Windows 10&apos;, os.arch: &apos;amd64&apos;, os.version: &apos;10.0&apos;, java.version: &apos;1.8.0_201&apos;&#10;Driver info: org.openqa.selenium.firefox.FirefoxDriver&#10;Capabilities {acceptInsecureCerts: true, browserName: firefox, browserVersion: 68.0, javascriptEnabled: true, moz:accessibilityChecks: false, moz:buildID: 20190705220548, moz:geckodriverVersion: 0.24.0, moz:headless: false, moz:processID: 17640, moz:profile: C:\Users\efetobor.obominuru..., moz:shutdownTimeout: 60000, moz:useNonSpecCompliantPointerOrigin: false, moz:webdriverClick: true, pageLoadStrategy: normal, platform: WINDOWS, platformName: WINDOWS, platformVersion: 10.0, rotatable: false, setWindowRect: true, strictFileInteractability: false, timeouts: {implicit: 0, pageLoad: 300000, script: 30000}, unhandledPromptBehavior: dismiss and notify}&#10;Session ID: a9326f39-28ef-455c-bc02-08f78856cc78&#10;*** Element info: {Using=xpath, value=//span[@id=&apos;ProfileDropDown&apos;]//*[@id=&apos;Capa_1&apos;]}" type="org.openqa.selenium.NoSuchElementException">org.openqa.selenium.NoSuchElementException: 
Unable to locate element: //span[@id='ProfileDropDown']//*[@id='Capa_1']
For documentation on this error, please visit: http://seleniumhq.org/exceptions/no_such_element.html
Build info: version: '3.7.1', revision: '8a0099a', time: '2017-11-06T21:01:39.354Z'
System info: host: 'ISW-GSIG-UO1', ip: '172.23.23.109', os.name: 'Windows 10', os.arch: 'amd64', os.version: '10.0', java.version: '1.8.0_201'
Driver info: org.openqa.selenium.firefox.FirefoxDriver
Capabilities {acceptInsecureCerts: true, browserName: firefox, browserVersion: 68.0, javascriptEnabled: true, moz:accessibilityChecks: false, moz:buildID: 20190705220548, moz:geckodriverVersion: 0.24.0, moz:headless: false, moz:processID: 17640, moz:profile: C:\Users\efetobor.obominuru..., moz:shutdownTimeout: 60000, moz:useNonSpecCompliantPointerOrigin: false, moz:webdriverClick: true, pageLoadStrategy: normal, platform: WINDOWS, platformName: WINDOWS, platformVersion: 10.0, rotatable: false, setWindowRect: true, strictFileInteractability: false, timeouts: {implicit: 0, pageLoad: 300000, script: 30000}, unhandledPromptBehavior: dismiss and notify}
Session ID: a9326f39-28ef-455c-bc02-08f78856cc78
*** Element info: {Using=xpath, value=//span[@id='ProfileDropDown']//*[@id='Capa_1']}
	at actions.ProfilePageTestSuite.changePasswordNewPasswordAndReTypePasswordFieldsAreEmpty(ProfilePageTestSuite.java:128)
</failure>
    <system-out><![CDATA[Test Passed
]]></system-out>
  </testcase>
  <testcase name="changePasswordSuccessfully" classname="actions.ProfilePageTestSuite" time="10.755">
    <failure message="Unable to locate element: //span[@id=&apos;ProfileDropDown&apos;]//*[@id=&apos;Capa_1&apos;]&#10;For documentation on this error, please visit: http://seleniumhq.org/exceptions/no_such_element.html&#10;Build info: version: &apos;3.7.1&apos;, revision: &apos;8a0099a&apos;, time: &apos;2017-11-06T21:01:39.354Z&apos;&#10;System info: host: &apos;ISW-GSIG-UO1&apos;, ip: &apos;172.23.23.109&apos;, os.name: &apos;Windows 10&apos;, os.arch: &apos;amd64&apos;, os.version: &apos;10.0&apos;, java.version: &apos;1.8.0_201&apos;&#10;Driver info: org.openqa.selenium.firefox.FirefoxDriver&#10;Capabilities {acceptInsecureCerts: true, browserName: firefox, browserVersion: 68.0, javascriptEnabled: true, moz:accessibilityChecks: false, moz:buildID: 20190705220548, moz:geckodriverVersion: 0.24.0, moz:headless: false, moz:processID: 17640, moz:profile: C:\Users\efetobor.obominuru..., moz:shutdownTimeout: 60000, moz:useNonSpecCompliantPointerOrigin: false, moz:webdriverClick: true, pageLoadStrategy: normal, platform: WINDOWS, platformName: WINDOWS, platformVersion: 10.0, rotatable: false, setWindowRect: true, strictFileInteractability: false, timeouts: {implicit: 0, pageLoad: 300000, script: 30000}, unhandledPromptBehavior: dismiss and notify}&#10;Session ID: a9326f39-28ef-455c-bc02-08f78856cc78&#10;*** Element info: {Using=xpath, value=//span[@id=&apos;ProfileDropDown&apos;]//*[@id=&apos;Capa_1&apos;]}" type="org.openqa.selenium.NoSuchElementException">org.openqa.selenium.NoSuchElementException: 
Unable to locate element: //span[@id='ProfileDropDown']//*[@id='Capa_1']
For documentation on this error, please visit: http://seleniumhq.org/exceptions/no_such_element.html
Build info: version: '3.7.1', revision: '8a0099a', time: '2017-11-06T21:01:39.354Z'
System info: host: 'ISW-GSIG-UO1', ip: '172.23.23.109', os.name: 'Windows 10', os.arch: 'amd64', os.version: '10.0', java.version: '1.8.0_201'
Driver info: org.openqa.selenium.firefox.FirefoxDriver
Capabilities {acceptInsecureCerts: true, browserName: firefox, browserVersion: 68.0, javascriptEnabled: true, moz:accessibilityChecks: false, moz:buildID: 20190705220548, moz:geckodriverVersion: 0.24.0, moz:headless: false, moz:processID: 17640, moz:profile: C:\Users\efetobor.obominuru..., moz:shutdownTimeout: 60000, moz:useNonSpecCompliantPointerOrigin: false, moz:webdriverClick: true, pageLoadStrategy: normal, platform: WINDOWS, platformName: WINDOWS, platformVersion: 10.0, rotatable: false, setWindowRect: true, strictFileInteractability: false, timeouts: {implicit: 0, pageLoad: 300000, script: 30000}, unhandledPromptBehavior: dismiss and notify}
Session ID: a9326f39-28ef-455c-bc02-08f78856cc78
*** Element info: {Using=xpath, value=//span[@id='ProfileDropDown']//*[@id='Capa_1']}
	at actions.ProfilePageTestSuite.changePasswordSuccessfully(ProfilePageTestSuite.java:151)
</failure>
    <system-out><![CDATA[Test Passed
]]></system-out>
  </testcase>
  <testcase name="verifyQROptionIsPresentWhenPayingFromSavedPaymentAirtime" classname="actions.SavedPaymentSuite" time="65.093"/>
  <testcase name="verifyQROptionIsPresentWhenPayingFromSavedPaymentForBills" classname="actions.SavedPaymentSuite" time="5.04"/>
  <testcase name="verifyQROptionIsPresentWhenPayingFromSavedPaymentForTransfer" classname="actions.SavedPaymentSuite" time="3.914"/>
  <testcase name="verifySearchFieldReturnsSavedPaymentItemsFirst" classname="actions.SearchFieldTestSuite" time="12.084"/>
  <testcase name="verifyUserReturnstoDashBoardScreenWhenSearchCriteiraIsRemovedFromSearchField" classname="actions.SearchFieldTestSuite" time="0.346"/>
  <testcase name="verifySearchFieldReturnsBillerListAfterSavedPaymentOptionsAreExausted" classname="actions.SearchFieldTestSuite" time="1.287"/>
  <testcase name="verifyOTPScreenDisplays" classname="actions.OTPTestSuite" time="22.553"/>
  <testcase name="InvalidOTPTest" classname="actions.OTPTestSuite" time="0.534"/>
  <testcase name="NoOTPTest" classname="actions.OTPTestSuite" time="0.306"/>
  <testcase name="ResendOtp" classname="actions.OTPTestSuite" time="0.486"/>
</testsuite>