<?xml version="1.0" encoding="UTF-8"?>
<testng-results skipped="0" failed="0" ignored="0" total="1" passed="1">
  <reporter-output>
  </reporter-output>
  <suite name="Default suite" duration-ms="87666" started-at="2019-06-27T19:33:17Z" finished-at="2019-06-27T19:34:45Z">
    <groups>
    </groups>
    <test name="Default test" duration-ms="87666" started-at="2019-06-27T19:33:17Z" finished-at="2019-06-27T19:34:45Z">
      <class name="actions.RecurringTransactionFlow">
        <test-method status="PASS" signature="startUp()[pri:0, instance:actions.RecurringTransactionFlow@8bd1b6a]" name="startUp" is-config="true" duration-ms="62259" started-at="2019-06-27T20:33:17Z" finished-at="2019-06-27T20:34:19Z">
          <reporter-output>
          </reporter-output>
        </test-method> <!-- startUp -->
        <test-method status="PASS" signature="buyAirtimeFlow()[pri:1, instance:actions.RecurringTransactionFlow@8bd1b6a]" name="buyAirtimeFlow" duration-ms="22258" started-at="2019-06-27T20:34:19Z" finished-at="2019-06-27T20:34:41Z">
          <reporter-output>
          </reporter-output>
        </test-method> <!-- buyAirtimeFlow -->
        <test-method status="PASS" signature="tearDown()[pri:0, instance:actions.RecurringTransactionFlow@8bd1b6a]" name="tearDown" is-config="true" duration-ms="3116" started-at="2019-06-27T20:34:41Z" finished-at="2019-06-27T20:34:45Z">
          <reporter-output>
          </reporter-output>
        </test-method> <!-- tearDown -->
      </class> <!-- actions.RecurringTransactionFlow -->
    </test> <!-- Default test -->
  </suite> <!-- Default suite -->
</testng-results>
