<?xml version="1.0" encoding="UTF-8"?>
<testng-results skipped="0" failed="0" ignored="0" total="4" passed="4">
  <reporter-output>
  </reporter-output>
  <suite name="Default suite" duration-ms="66572" started-at="2019-08-25T13:39:53Z" finished-at="2019-08-25T13:40:59Z">
    <groups>
    </groups>
    <test name="Default test" duration-ms="66572" started-at="2019-08-25T13:39:53Z" finished-at="2019-08-25T13:40:59Z">
      <class name="actions.OTPTestSuite">
        <test-method status="PASS" signature="startUp()[pri:0, instance:actions.OTPTestSuite@c038203]" name="startUp" is-config="true" duration-ms="25240" started-at="2019-08-25T14:39:53Z" finished-at="2019-08-25T14:40:18Z">
          <reporter-output>
          </reporter-output>
        </test-method> <!-- startUp -->
        <test-method status="PASS" signature="verifyOTPScreenDisplays()[pri:1, instance:actions.OTPTestSuite@c038203]" name="verifyOTPScreenDisplays" duration-ms="31435" started-at="2019-08-25T14:40:18Z" finished-at="2019-08-25T14:40:50Z">
          <reporter-output>
          </reporter-output>
        </test-method> <!-- verifyOTPScreenDisplays -->
        <test-method status="PASS" signature="InvalidOTPTest()[pri:2, instance:actions.OTPTestSuite@c038203]" name="InvalidOTPTest" duration-ms="551" started-at="2019-08-25T14:40:50Z" finished-at="2019-08-25T14:40:50Z">
          <reporter-output>
          </reporter-output>
        </test-method> <!-- InvalidOTPTest -->
        <test-method status="PASS" signature="doNotEnterOTPTest()[pri:3, instance:actions.OTPTestSuite@c038203]" name="doNotEnterOTPTest" duration-ms="323" started-at="2019-08-25T14:40:50Z" finished-at="2019-08-25T14:40:50Z">
          <reporter-output>
          </reporter-output>
        </test-method> <!-- doNotEnterOTPTest -->
        <test-method status="PASS" signature="ResendOtpTest()[pri:4, instance:actions.OTPTestSuite@c038203]" name="ResendOtpTest" duration-ms="483" started-at="2019-08-25T14:40:50Z" finished-at="2019-08-25T14:40:51Z">
          <reporter-output>
          </reporter-output>
        </test-method> <!-- ResendOtpTest -->
        <test-method status="PASS" signature="tearDown()[pri:0, instance:actions.OTPTestSuite@c038203]" name="tearDown" is-config="true" duration-ms="8497" started-at="2019-08-25T14:40:51Z" finished-at="2019-08-25T14:40:59Z">
          <reporter-output>
          </reporter-output>
        </test-method> <!-- tearDown -->
      </class> <!-- actions.OTPTestSuite -->
    </test> <!-- Default test -->
  </suite> <!-- Default suite -->
</testng-results>
