<?xml version="1.0" encoding="UTF-8"?>
<testng-results skipped="0" failed="0" ignored="0" total="1" passed="1">
  <reporter-output>
  </reporter-output>
  <suite name="Default suite" duration-ms="40954" started-at="2019-07-31T11:59:14Z" finished-at="2019-07-31T11:59:55Z">
    <groups>
    </groups>
    <test name="Default test" duration-ms="40954" started-at="2019-07-31T11:59:14Z" finished-at="2019-07-31T11:59:55Z">
      <class name="actions.HomeScreenTestSuite">
        <test-method status="PASS" signature="startUp()[pri:0, instance:actions.HomeScreenTestSuite@8bd1b6a]" name="startUp" is-config="true" duration-ms="30739" started-at="2019-07-31T12:59:14Z" finished-at="2019-07-31T12:59:45Z">
          <reporter-output>
          </reporter-output>
        </test-method> <!-- startUp -->
        <test-method status="PASS" signature="verifyHomeScreenElementsPresent()[pri:0, instance:actions.HomeScreenTestSuite@8bd1b6a]" name="verifyHomeScreenElementsPresent" duration-ms="3049" started-at="2019-07-31T12:59:45Z" finished-at="2019-07-31T12:59:48Z">
          <reporter-output>
          </reporter-output>
        </test-method> <!-- verifyHomeScreenElementsPresent -->
        <test-method status="PASS" signature="tearDown()[pri:0, instance:actions.HomeScreenTestSuite@8bd1b6a]" name="tearDown" is-config="true" duration-ms="7140" started-at="2019-07-31T12:59:48Z" finished-at="2019-07-31T12:59:55Z">
          <reporter-output>
          </reporter-output>
        </test-method> <!-- tearDown -->
      </class> <!-- actions.HomeScreenTestSuite -->
    </test> <!-- Default test -->
  </suite> <!-- Default suite -->
</testng-results>
