<?xml version="1.0" encoding="UTF-8"?>
<testng-results skipped="0" failed="0" ignored="0" total="5" passed="5">
  <reporter-output>
  </reporter-output>
  <suite name="Default suite" duration-ms="36097" started-at="2019-08-22T17:50:21Z" finished-at="2019-08-22T17:50:57Z">
    <groups>
    </groups>
    <test name="Default test" duration-ms="36097" started-at="2019-08-22T17:50:21Z" finished-at="2019-08-22T17:50:57Z">
      <class name="actions.ProfilePageTestSuite">
        <test-method status="PASS" signature="startUp()[pri:0, instance:actions.ProfilePageTestSuite@c038203]" name="startUp" is-config="true" duration-ms="8657" started-at="2019-08-22T18:50:21Z" finished-at="2019-08-22T18:50:30Z">
          <reporter-output>
          </reporter-output>
        </test-method> <!-- startUp -->
        <test-method status="PASS" signature="changeFirstNameAndLastNameSuccessfully()[pri:1, instance:actions.ProfilePageTestSuite@c038203]" name="changeFirstNameAndLastNameSuccessfully" duration-ms="6277" started-at="2019-08-22T18:50:30Z" finished-at="2019-08-22T18:50:36Z">
          <reporter-output>
          </reporter-output>
        </test-method> <!-- changeFirstNameAndLastNameSuccessfully -->
        <test-method status="PASS" signature="changePasswordInvalidOldPassword()[pri:2, instance:actions.ProfilePageTestSuite@c038203]" name="changePasswordInvalidOldPassword" duration-ms="4972" started-at="2019-08-22T18:50:36Z" finished-at="2019-08-22T18:50:41Z">
          <reporter-output>
          </reporter-output>
        </test-method> <!-- changePasswordInvalidOldPassword -->
        <test-method status="PASS" signature="changePasswordAllFieldsEmpty()[pri:3, instance:actions.ProfilePageTestSuite@c038203]" name="changePasswordAllFieldsEmpty" duration-ms="2977" started-at="2019-08-22T18:50:41Z" finished-at="2019-08-22T18:50:44Z">
          <reporter-output>
          </reporter-output>
        </test-method> <!-- changePasswordAllFieldsEmpty -->
        <test-method status="PASS" signature="changePasswordNewPasswordAndReTypePasswordFieldsAreEmpty()[pri:4, instance:actions.ProfilePageTestSuite@c038203]" name="changePasswordNewPasswordAndReTypePasswordFieldsAreEmpty" duration-ms="3418" started-at="2019-08-22T18:50:44Z" finished-at="2019-08-22T18:50:47Z">
          <reporter-output>
          </reporter-output>
        </test-method> <!-- changePasswordNewPasswordAndReTypePasswordFieldsAreEmpty -->
        <test-method status="PASS" signature="changePasswordSuccessfully()[pri:5, instance:actions.ProfilePageTestSuite@c038203]" name="changePasswordSuccessfully" duration-ms="2908" started-at="2019-08-22T18:50:47Z" finished-at="2019-08-22T18:50:50Z">
          <reporter-output>
          </reporter-output>
        </test-method> <!-- changePasswordSuccessfully -->
        <test-method status="PASS" signature="tearDown()[pri:0, instance:actions.ProfilePageTestSuite@c038203]" name="tearDown" is-config="true" duration-ms="6857" started-at="2019-08-22T18:50:50Z" finished-at="2019-08-22T18:50:57Z">
          <reporter-output>
          </reporter-output>
        </test-method> <!-- tearDown -->
      </class> <!-- actions.ProfilePageTestSuite -->
    </test> <!-- Default test -->
  </suite> <!-- Default suite -->
</testng-results>
