<?xml version="1.0" encoding="UTF-8"?>
<testng-results skipped="0" failed="1" ignored="0" total="5" passed="4">
  <reporter-output>
  </reporter-output>
  <suite name="Default suite" duration-ms="73551" started-at="2019-07-23T18:52:39Z" finished-at="2019-07-23T18:53:52Z">
    <groups>
    </groups>
    <test name="Default test" duration-ms="73551" started-at="2019-07-23T18:52:39Z" finished-at="2019-07-23T18:53:52Z">
      <class name="actions.ProfilePageTestSuite">
        <test-method status="PASS" signature="startUp()[pri:0, instance:actions.ProfilePageTestSuite@8bd1b6a]" name="startUp" is-config="true" duration-ms="30637" started-at="2019-07-23T19:52:39Z" finished-at="2019-07-23T19:53:09Z">
          <reporter-output>
          </reporter-output>
        </test-method> <!-- startUp -->
        <test-method status="PASS" signature="changeFirstLastNameSuccessfully()[pri:1, instance:actions.ProfilePageTestSuite@8bd1b6a]" name="changeFirstLastNameSuccessfully" duration-ms="6689" started-at="2019-07-23T19:53:09Z" finished-at="2019-07-23T19:53:16Z">
          <reporter-output>
          </reporter-output>
        </test-method> <!-- changeFirstLastNameSuccessfully -->
        <test-method status="PASS" signature="changePasswordInvalidOldPassword()[pri:2, instance:actions.ProfilePageTestSuite@8bd1b6a]" name="changePasswordInvalidOldPassword" duration-ms="3546" started-at="2019-07-23T19:53:16Z" finished-at="2019-07-23T19:53:20Z">
          <reporter-output>
          </reporter-output>
        </test-method> <!-- changePasswordInvalidOldPassword -->
        <test-method status="PASS" signature="changePasswordAllFieldsEmpty()[pri:3, instance:actions.ProfilePageTestSuite@8bd1b6a]" name="changePasswordAllFieldsEmpty" duration-ms="2895" started-at="2019-07-23T19:53:20Z" finished-at="2019-07-23T19:53:22Z">
          <reporter-output>
          </reporter-output>
        </test-method> <!-- changePasswordAllFieldsEmpty -->
        <test-method status="PASS" signature="changePasswordNewPasswordAndReTypePasswordFieldsAreEmpty()[pri:4, instance:actions.ProfilePageTestSuite@8bd1b6a]" name="changePasswordNewPasswordAndReTypePasswordFieldsAreEmpty" duration-ms="3159" started-at="2019-07-23T19:53:22Z" finished-at="2019-07-23T19:53:26Z">
          <reporter-output>
          </reporter-output>
        </test-method> <!-- changePasswordNewPasswordAndReTypePasswordFieldsAreEmpty -->
        <test-method status="FAIL" signature="changePasswordSuccessfully()[pri:5, instance:actions.ProfilePageTestSuite@8bd1b6a]" name="changePasswordSuccessfully" duration-ms="23128" started-at="2019-07-23T19:53:26Z" finished-at="2019-07-23T19:53:49Z">
          <exception class="org.openqa.selenium.NoSuchElementException">
            <message>
              <![CDATA[Unable to locate element: //div[contains(@class,'toast toast-success')]
For documentation on this error, please visit: http://seleniumhq.org/exceptions/no_such_element.html
Build info: version: '3.7.1', revision: '8a0099a', time: '2017-11-06T21:01:39.354Z'
System info: host: 'ISW-GSIG-UO1', ip: '172.16.5.91', os.name: 'Windows 10', os.arch: 'amd64', os.version: '10.0', java.version: '1.8.0_201'
Driver info: org.openqa.selenium.firefox.FirefoxDriver
Capabilities {acceptInsecureCerts: true, browserName: firefox, browserVersion: 68.0, javascriptEnabled: true, moz:accessibilityChecks: false, moz:buildID: 20190705220548, moz:geckodriverVersion: 0.24.0, moz:headless: false, moz:processID: 26972, moz:profile: C:\Users\efetobor.obominuru..., moz:shutdownTimeout: 60000, moz:useNonSpecCompliantPointerOrigin: false, moz:webdriverClick: true, pageLoadStrategy: normal, platform: WINDOWS, platformName: WINDOWS, platformVersion: 10.0, rotatable: false, setWindowRect: true, strictFileInteractability: false, timeouts: {implicit: 0, pageLoad: 300000, script: 30000}, unhandledPromptBehavior: dismiss and notify}
Session ID: 68d40628-fd34-4af1-9061-f8f6485a2c48
*** Element info: {Using=xpath, value=//div[contains(@class,'toast toast-success')]}]]>
            </message>
            <full-stacktrace>
              <![CDATA[org.openqa.selenium.NoSuchElementException: Unable to locate element: //div[contains(@class,'toast toast-success')]
For documentation on this error, please visit: http://seleniumhq.org/exceptions/no_such_element.html
Build info: version: '3.7.1', revision: '8a0099a', time: '2017-11-06T21:01:39.354Z'
System info: host: 'ISW-GSIG-UO1', ip: '172.16.5.91', os.name: 'Windows 10', os.arch: 'amd64', os.version: '10.0', java.version: '1.8.0_201'
Driver info: org.openqa.selenium.firefox.FirefoxDriver
Capabilities {acceptInsecureCerts: true, browserName: firefox, browserVersion: 68.0, javascriptEnabled: true, moz:accessibilityChecks: false, moz:buildID: 20190705220548, moz:geckodriverVersion: 0.24.0, moz:headless: false, moz:processID: 26972, moz:profile: C:\Users\efetobor.obominuru..., moz:shutdownTimeout: 60000, moz:useNonSpecCompliantPointerOrigin: false, moz:webdriverClick: true, pageLoadStrategy: normal, platform: WINDOWS, platformName: WINDOWS, platformVersion: 10.0, rotatable: false, setWindowRect: true, strictFileInteractability: false, timeouts: {implicit: 0, pageLoad: 300000, script: 30000}, unhandledPromptBehavior: dismiss and notify}
Session ID: 68d40628-fd34-4af1-9061-f8f6485a2c48
*** Element info: {Using=xpath, value=//div[contains(@class,'toast toast-success')]}
	at sun.reflect.NativeConstructorAccessorImpl.newInstance0(Native Method)
	at sun.reflect.NativeConstructorAccessorImpl.newInstance(Unknown Source)
	at sun.reflect.DelegatingConstructorAccessorImpl.newInstance(Unknown Source)
	at java.lang.reflect.Constructor.newInstance(Unknown Source)
	at org.openqa.selenium.remote.http.W3CHttpResponseCodec.createException(W3CHttpResponseCodec.java:187)
	at org.openqa.selenium.remote.http.W3CHttpResponseCodec.decode(W3CHttpResponseCodec.java:122)
	at org.openqa.selenium.remote.http.W3CHttpResponseCodec.decode(W3CHttpResponseCodec.java:49)
	at org.openqa.selenium.remote.HttpCommandExecutor.execute(HttpCommandExecutor.java:164)
	at org.openqa.selenium.remote.service.DriverCommandExecutor.execute(DriverCommandExecutor.java:83)
	at org.openqa.selenium.remote.RemoteWebDriver.execute(RemoteWebDriver.java:600)
	at org.openqa.selenium.remote.RemoteWebDriver.findElement(RemoteWebDriver.java:370)
	at org.openqa.selenium.remote.RemoteWebDriver.findElementByXPath(RemoteWebDriver.java:472)
	at org.openqa.selenium.By$ByXPath.findElement(By.java:361)
	at org.openqa.selenium.remote.RemoteWebDriver.findElement(RemoteWebDriver.java:362)
	at pages.ProfilePage.verifySuccessfulChangePwdMsgIsDisplayed(ProfilePage.java:56)
	at actions.ProfilePageTestSuite.changePasswordSuccessfully(ProfilePageTestSuite.java:164)
	at sun.reflect.NativeMethodAccessorImpl.invoke0(Native Method)
	at sun.reflect.NativeMethodAccessorImpl.invoke(Unknown Source)
	at sun.reflect.DelegatingMethodAccessorImpl.invoke(Unknown Source)
	at java.lang.reflect.Method.invoke(Unknown Source)
	at org.testng.internal.MethodInvocationHelper.invokeMethod(MethodInvocationHelper.java:104)
	at org.testng.internal.Invoker.invokeMethod(Invoker.java:645)
	at org.testng.internal.Invoker.invokeTestMethod(Invoker.java:851)
	at org.testng.internal.Invoker.invokeTestMethods(Invoker.java:1177)
	at org.testng.internal.TestMethodWorker.invokeTestMethods(TestMethodWorker.java:129)
	at org.testng.internal.TestMethodWorker.run(TestMethodWorker.java:112)
	at org.testng.TestRunner.privateRun(TestRunner.java:756)
	at org.testng.TestRunner.run(TestRunner.java:610)
	at org.testng.SuiteRunner.runTest(SuiteRunner.java:387)
	at org.testng.SuiteRunner.runSequentially(SuiteRunner.java:382)
	at org.testng.SuiteRunner.privateRun(SuiteRunner.java:340)
	at org.testng.SuiteRunner.run(SuiteRunner.java:289)
	at org.testng.SuiteRunnerWorker.runSuite(SuiteRunnerWorker.java:52)
	at org.testng.SuiteRunnerWorker.run(SuiteRunnerWorker.java:86)
	at org.testng.TestNG.runSuitesSequentially(TestNG.java:1293)
	at org.testng.TestNG.runSuitesLocally(TestNG.java:1218)
	at org.testng.TestNG.runSuites(TestNG.java:1133)
	at org.testng.TestNG.run(TestNG.java:1104)
	at org.testng.remote.AbstractRemoteTestNG.run(AbstractRemoteTestNG.java:132)
	at org.testng.remote.RemoteTestNG.initAndRun(RemoteTestNG.java:236)
	at org.testng.remote.RemoteTestNG.main(RemoteTestNG.java:81)
]]>
            </full-stacktrace>
          </exception> <!-- org.openqa.selenium.NoSuchElementException -->
          <reporter-output>
          </reporter-output>
        </test-method> <!-- changePasswordSuccessfully -->
        <test-method status="PASS" signature="tearDown()[pri:0, instance:actions.ProfilePageTestSuite@8bd1b6a]" name="tearDown" is-config="true" duration-ms="3463" started-at="2019-07-23T19:53:49Z" finished-at="2019-07-23T19:53:52Z">
          <reporter-output>
          </reporter-output>
        </test-method> <!-- tearDown -->
      </class> <!-- actions.ProfilePageTestSuite -->
    </test> <!-- Default test -->
  </suite> <!-- Default suite -->
</testng-results>
