<?xml version="1.0" encoding="UTF-8"?>
<testng-results skipped="0" failed="0" ignored="0" total="1" passed="1">
  <reporter-output>
  </reporter-output>
  <suite name="Default suite" duration-ms="84482" started-at="2019-08-13T23:36:28Z" finished-at="2019-08-13T23:37:52Z">
    <groups>
    </groups>
    <test name="Default test" duration-ms="84482" started-at="2019-08-13T23:36:28Z" finished-at="2019-08-13T23:37:52Z">
      <class name="actions.HomeScreenTestSuite">
        <test-method status="PASS" signature="startUp()[pri:0, instance:actions.HomeScreenTestSuite@8f4ea7c]" name="startUp" is-config="true" duration-ms="11585" started-at="2019-08-14T00:36:28Z" finished-at="2019-08-14T00:36:39Z">
          <reporter-output>
          </reporter-output>
        </test-method> <!-- startUp -->
        <test-method status="PASS" signature="verifyHomeScreenElementsPresent()[pri:0, instance:actions.HomeScreenTestSuite@8f4ea7c]" name="verifyHomeScreenElementsPresent" duration-ms="68895" started-at="2019-08-14T00:36:39Z" finished-at="2019-08-14T00:37:48Z">
          <reporter-output>
          </reporter-output>
        </test-method> <!-- verifyHomeScreenElementsPresent -->
        <test-method status="PASS" signature="tearDown()[pri:0, instance:actions.HomeScreenTestSuite@8f4ea7c]" name="tearDown" is-config="true" duration-ms="3975" started-at="2019-08-14T00:37:48Z" finished-at="2019-08-14T00:37:52Z">
          <reporter-output>
          </reporter-output>
        </test-method> <!-- tearDown -->
      </class> <!-- actions.HomeScreenTestSuite -->
    </test> <!-- Default test -->
  </suite> <!-- Default suite -->
</testng-results>
