<?xml version="1.0" encoding="UTF-8"?>
<testng-results skipped="0" failed="1" ignored="0" total="5" passed="4">
  <reporter-output>
  </reporter-output>
  <suite name="Default suite" duration-ms="45972" started-at="2019-08-22T15:28:46Z" finished-at="2019-08-22T15:29:32Z">
    <groups>
    </groups>
    <test name="Default test" duration-ms="45972" started-at="2019-08-22T15:28:46Z" finished-at="2019-08-22T15:29:32Z">
      <class name="actions.ProfilePageTestSuite">
        <test-method status="PASS" signature="startUp()[pri:0, instance:actions.ProfilePageTestSuite@c038203]" name="startUp" is-config="true" duration-ms="12790" started-at="2019-08-22T16:28:46Z" finished-at="2019-08-22T16:28:59Z">
          <reporter-output>
          </reporter-output>
        </test-method> <!-- startUp -->
        <test-method status="FAIL" signature="changeFirstNameAndLastNameSuccessfully()[pri:1, instance:actions.ProfilePageTestSuite@c038203]" name="changeFirstNameAndLastNameSuccessfully" duration-ms="11836" started-at="2019-08-22T16:28:59Z" finished-at="2019-08-22T16:29:11Z">
          <exception class="org.openqa.selenium.ElementClickInterceptedException">
            <message>
              <![CDATA[Element <svg id="Capa_1"> is not clickable at point (1501,54) because another element <div class="rodal-dialog rodal-zoom-enter"> obscures it
Build info: version: '3.7.1', revision: '8a0099a', time: '2017-11-06T21:01:39.354Z'
System info: host: 'ISW-GSIG-UO1', ip: '172.16.5.91', os.name: 'Windows 10', os.arch: 'amd64', os.version: '10.0', java.version: '1.8.0_201'
Driver info: org.openqa.selenium.firefox.FirefoxDriver
Capabilities {acceptInsecureCerts: true, browserName: firefox, browserVersion: 68.0.1, javascriptEnabled: true, moz:accessibilityChecks: false, moz:buildID: 20190717172542, moz:geckodriverVersion: 0.24.0, moz:headless: false, moz:processID: 25220, moz:profile: C:\Users\efetobor.obominuru..., moz:shutdownTimeout: 60000, moz:useNonSpecCompliantPointerOrigin: false, moz:webdriverClick: true, pageLoadStrategy: normal, platform: WINDOWS, platformName: WINDOWS, platformVersion: 10.0, rotatable: false, setWindowRect: true, strictFileInteractability: false, timeouts: {implicit: 0, pageLoad: 300000, script: 30000}, unhandledPromptBehavior: dismiss and notify}
Session ID: f3cd436a-5d23-4c42-92f0-efa45a1bd3ff]]>
            </message>
            <full-stacktrace>
              <![CDATA[org.openqa.selenium.ElementClickInterceptedException: Element <svg id="Capa_1"> is not clickable at point (1501,54) because another element <div class="rodal-dialog rodal-zoom-enter"> obscures it
Build info: version: '3.7.1', revision: '8a0099a', time: '2017-11-06T21:01:39.354Z'
System info: host: 'ISW-GSIG-UO1', ip: '172.16.5.91', os.name: 'Windows 10', os.arch: 'amd64', os.version: '10.0', java.version: '1.8.0_201'
Driver info: org.openqa.selenium.firefox.FirefoxDriver
Capabilities {acceptInsecureCerts: true, browserName: firefox, browserVersion: 68.0.1, javascriptEnabled: true, moz:accessibilityChecks: false, moz:buildID: 20190717172542, moz:geckodriverVersion: 0.24.0, moz:headless: false, moz:processID: 25220, moz:profile: C:\Users\efetobor.obominuru..., moz:shutdownTimeout: 60000, moz:useNonSpecCompliantPointerOrigin: false, moz:webdriverClick: true, pageLoadStrategy: normal, platform: WINDOWS, platformName: WINDOWS, platformVersion: 10.0, rotatable: false, setWindowRect: true, strictFileInteractability: false, timeouts: {implicit: 0, pageLoad: 300000, script: 30000}, unhandledPromptBehavior: dismiss and notify}
Session ID: f3cd436a-5d23-4c42-92f0-efa45a1bd3ff
	at sun.reflect.NativeConstructorAccessorImpl.newInstance0(Native Method)
	at sun.reflect.NativeConstructorAccessorImpl.newInstance(Unknown Source)
	at sun.reflect.DelegatingConstructorAccessorImpl.newInstance(Unknown Source)
	at java.lang.reflect.Constructor.newInstance(Unknown Source)
	at org.openqa.selenium.remote.http.W3CHttpResponseCodec.createException(W3CHttpResponseCodec.java:187)
	at org.openqa.selenium.remote.http.W3CHttpResponseCodec.decode(W3CHttpResponseCodec.java:122)
	at org.openqa.selenium.remote.http.W3CHttpResponseCodec.decode(W3CHttpResponseCodec.java:49)
	at org.openqa.selenium.remote.HttpCommandExecutor.execute(HttpCommandExecutor.java:164)
	at org.openqa.selenium.remote.service.DriverCommandExecutor.execute(DriverCommandExecutor.java:83)
	at org.openqa.selenium.remote.RemoteWebDriver.execute(RemoteWebDriver.java:600)
	at org.openqa.selenium.remote.RemoteWebElement.execute(RemoteWebElement.java:279)
	at org.openqa.selenium.remote.RemoteWebElement.click(RemoteWebElement.java:83)
	at pages.TopBarHeader.clickOnProfileIcon(TopBarHeader.java:20)
	at actions.ProfilePageTestSuite.changeFirstNameAndLastNameSuccessfully(ProfilePageTestSuite.java:53)
	at sun.reflect.NativeMethodAccessorImpl.invoke0(Native Method)
	at sun.reflect.NativeMethodAccessorImpl.invoke(Unknown Source)
	at sun.reflect.DelegatingMethodAccessorImpl.invoke(Unknown Source)
	at java.lang.reflect.Method.invoke(Unknown Source)
	at org.testng.internal.MethodInvocationHelper.invokeMethod(MethodInvocationHelper.java:104)
	at org.testng.internal.Invoker.invokeMethod(Invoker.java:645)
	at org.testng.internal.Invoker.invokeTestMethod(Invoker.java:851)
	at org.testng.internal.Invoker.invokeTestMethods(Invoker.java:1177)
	at org.testng.internal.TestMethodWorker.invokeTestMethods(TestMethodWorker.java:129)
	at org.testng.internal.TestMethodWorker.run(TestMethodWorker.java:112)
	at org.testng.TestRunner.privateRun(TestRunner.java:756)
	at org.testng.TestRunner.run(TestRunner.java:610)
	at org.testng.SuiteRunner.runTest(SuiteRunner.java:387)
	at org.testng.SuiteRunner.runSequentially(SuiteRunner.java:382)
	at org.testng.SuiteRunner.privateRun(SuiteRunner.java:340)
	at org.testng.SuiteRunner.run(SuiteRunner.java:289)
	at org.testng.SuiteRunnerWorker.runSuite(SuiteRunnerWorker.java:52)
	at org.testng.SuiteRunnerWorker.run(SuiteRunnerWorker.java:86)
	at org.testng.TestNG.runSuitesSequentially(TestNG.java:1293)
	at org.testng.TestNG.runSuitesLocally(TestNG.java:1218)
	at org.testng.TestNG.runSuites(TestNG.java:1133)
	at org.testng.TestNG.run(TestNG.java:1104)
	at org.testng.remote.AbstractRemoteTestNG.run(AbstractRemoteTestNG.java:132)
	at org.testng.remote.RemoteTestNG.initAndRun(RemoteTestNG.java:236)
	at org.testng.remote.RemoteTestNG.main(RemoteTestNG.java:81)
]]>
            </full-stacktrace>
          </exception> <!-- org.openqa.selenium.ElementClickInterceptedException -->
          <reporter-output>
          </reporter-output>
        </test-method> <!-- changeFirstNameAndLastNameSuccessfully -->
        <test-method status="PASS" signature="changePasswordInvalidOldPassword()[pri:2, instance:actions.ProfilePageTestSuite@c038203]" name="changePasswordInvalidOldPassword" duration-ms="5575" started-at="2019-08-22T16:29:11Z" finished-at="2019-08-22T16:29:17Z">
          <reporter-output>
          </reporter-output>
        </test-method> <!-- changePasswordInvalidOldPassword -->
        <test-method status="PASS" signature="changePasswordAllFieldsEmpty()[pri:3, instance:actions.ProfilePageTestSuite@c038203]" name="changePasswordAllFieldsEmpty" duration-ms="2959" started-at="2019-08-22T16:29:17Z" finished-at="2019-08-22T16:29:20Z">
          <reporter-output>
          </reporter-output>
        </test-method> <!-- changePasswordAllFieldsEmpty -->
        <test-method status="PASS" signature="changePasswordNewPasswordAndReTypePasswordFieldsAreEmpty()[pri:4, instance:actions.ProfilePageTestSuite@c038203]" name="changePasswordNewPasswordAndReTypePasswordFieldsAreEmpty" duration-ms="3109" started-at="2019-08-22T16:29:20Z" finished-at="2019-08-22T16:29:23Z">
          <reporter-output>
          </reporter-output>
        </test-method> <!-- changePasswordNewPasswordAndReTypePasswordFieldsAreEmpty -->
        <test-method status="PASS" signature="changePasswordSuccessfully()[pri:5, instance:actions.ProfilePageTestSuite@c038203]" name="changePasswordSuccessfully" duration-ms="2669" started-at="2019-08-22T16:29:23Z" finished-at="2019-08-22T16:29:26Z">
          <reporter-output>
          </reporter-output>
        </test-method> <!-- changePasswordSuccessfully -->
        <test-method status="PASS" signature="tearDown()[pri:0, instance:actions.ProfilePageTestSuite@c038203]" name="tearDown" is-config="true" duration-ms="6732" started-at="2019-08-22T16:29:26Z" finished-at="2019-08-22T16:29:32Z">
          <reporter-output>
          </reporter-output>
        </test-method> <!-- tearDown -->
      </class> <!-- actions.ProfilePageTestSuite -->
    </test> <!-- Default test -->
  </suite> <!-- Default suite -->
</testng-results>
