<?xml version="1.0" encoding="UTF-8"?>
<testng-results skipped="0" failed="0" ignored="0" total="1" passed="1">
  <reporter-output>
  </reporter-output>
  <suite name="Default suite" duration-ms="65014" started-at="2019-07-22T18:03:10Z" finished-at="2019-07-22T18:04:15Z">
    <groups>
    </groups>
    <test name="Default test" duration-ms="65014" started-at="2019-07-22T18:03:10Z" finished-at="2019-07-22T18:04:15Z">
      <class name="actions.BuyAirtimeTestSuite">
        <test-method status="PASS" signature="startUp()[pri:0, instance:actions.BuyAirtimeTestSuite@8bd1b6a]" name="startUp" is-config="true" duration-ms="31378" started-at="2019-07-22T19:03:10Z" finished-at="2019-07-22T19:03:42Z">
          <reporter-output>
          </reporter-output>
        </test-method> <!-- startUp -->
        <test-method status="PASS" signature="buyAirtimeFlow()[pri:1, instance:actions.BuyAirtimeTestSuite@8bd1b6a]" name="buyAirtimeFlow" duration-ms="26487" started-at="2019-07-22T19:03:42Z" finished-at="2019-07-22T19:04:08Z">
          <reporter-output>
          </reporter-output>
        </test-method> <!-- buyAirtimeFlow -->
        <test-method status="PASS" signature="tearDown()[pri:0, instance:actions.BuyAirtimeTestSuite@8bd1b6a]" name="tearDown" is-config="true" duration-ms="7126" started-at="2019-07-22T19:04:08Z" finished-at="2019-07-22T19:04:15Z">
          <reporter-output>
          </reporter-output>
        </test-method> <!-- tearDown -->
      </class> <!-- actions.BuyAirtimeTestSuite -->
    </test> <!-- Default test -->
  </suite> <!-- Default suite -->
</testng-results>
