<?xml version="1.0" encoding="UTF-8"?>
<testng-results skipped="0" failed="0" ignored="0" total="1" passed="1">
  <reporter-output>
  </reporter-output>
  <suite name="Default suite" duration-ms="69553" started-at="2019-07-09T12:41:14Z" finished-at="2019-07-09T12:42:24Z">
    <groups>
    </groups>
    <test name="Default test" duration-ms="69553" started-at="2019-07-09T12:41:14Z" finished-at="2019-07-09T12:42:24Z">
      <class name="actions.ProfilePageTestSuite">
        <test-method status="PASS" signature="startUp()[pri:0, instance:actions.ProfilePageTestSuite@8bd1b6a]" name="startUp" is-config="true" duration-ms="58448" started-at="2019-07-09T13:41:14Z" finished-at="2019-07-09T13:42:13Z">
          <reporter-output>
          </reporter-output>
        </test-method> <!-- startUp -->
        <test-method status="PASS" signature="changePasswordSuccessfully()[pri:5, instance:actions.ProfilePageTestSuite@8bd1b6a]" name="changePasswordSuccessfully" duration-ms="7926" started-at="2019-07-09T13:42:13Z" finished-at="2019-07-09T13:42:21Z">
          <reporter-output>
          </reporter-output>
        </test-method> <!-- changePasswordSuccessfully -->
        <test-method status="PASS" signature="tearDown()[pri:0, instance:actions.ProfilePageTestSuite@8bd1b6a]" name="tearDown" is-config="true" duration-ms="3162" started-at="2019-07-09T13:42:21Z" finished-at="2019-07-09T13:42:24Z">
          <reporter-output>
          </reporter-output>
        </test-method> <!-- tearDown -->
      </class> <!-- actions.ProfilePageTestSuite -->
    </test> <!-- Default test -->
  </suite> <!-- Default suite -->
</testng-results>
