<?xml version="1.0" encoding="UTF-8"?>
<testng-results skipped="0" failed="0" ignored="0" total="4" passed="4">
  <reporter-output>
  </reporter-output>
  <suite name="Default suite" duration-ms="45822" started-at="2019-08-24T10:39:02Z" finished-at="2019-08-24T10:39:48Z">
    <groups>
    </groups>
    <test name="Default test" duration-ms="45822" started-at="2019-08-24T10:39:02Z" finished-at="2019-08-24T10:39:48Z">
      <class name="actions.OTPTestSuite">
        <test-method status="PASS" signature="startUp()[pri:0, instance:actions.OTPTestSuite@c038203]" name="startUp" is-config="true" duration-ms="21892" started-at="2019-08-24T11:39:02Z" finished-at="2019-08-24T11:39:24Z">
          <reporter-output>
          </reporter-output>
        </test-method> <!-- startUp -->
        <test-method status="PASS" signature="verifyOTPScreenDisplays()[pri:1, instance:actions.OTPTestSuite@c038203]" name="verifyOTPScreenDisplays" duration-ms="21583" started-at="2019-08-24T11:39:24Z" finished-at="2019-08-24T11:39:45Z">
          <reporter-output>
          </reporter-output>
        </test-method> <!-- verifyOTPScreenDisplays -->
        <test-method status="PASS" signature="InvalidOTPTest()[pri:2, instance:actions.OTPTestSuite@c038203]" name="InvalidOTPTest" duration-ms="529" started-at="2019-08-24T11:39:45Z" finished-at="2019-08-24T11:39:46Z">
          <reporter-output>
          </reporter-output>
        </test-method> <!-- InvalidOTPTest -->
        <test-method status="PASS" signature="doNotEnterOTPTest()[pri:3, instance:actions.OTPTestSuite@c038203]" name="doNotEnterOTPTest" duration-ms="151" started-at="2019-08-24T11:39:46Z" finished-at="2019-08-24T11:39:46Z">
          <reporter-output>
          </reporter-output>
        </test-method> <!-- doNotEnterOTPTest -->
        <test-method status="PASS" signature="ResendOtpTest()[pri:4, instance:actions.OTPTestSuite@c038203]" name="ResendOtpTest" duration-ms="450" started-at="2019-08-24T11:39:46Z" finished-at="2019-08-24T11:39:47Z">
          <reporter-output>
          </reporter-output>
        </test-method> <!-- ResendOtpTest -->
        <test-method status="PASS" signature="tearDown()[pri:0, instance:actions.OTPTestSuite@c038203]" name="tearDown" is-config="true" duration-ms="1191" started-at="2019-08-24T11:39:47Z" finished-at="2019-08-24T11:39:48Z">
          <reporter-output>
          </reporter-output>
        </test-method> <!-- tearDown -->
      </class> <!-- actions.OTPTestSuite -->
    </test> <!-- Default test -->
  </suite> <!-- Default suite -->
</testng-results>
