<?xml version="1.0" encoding="UTF-8"?>
<testng-results skipped="0" failed="0" ignored="0" total="3" passed="3">
  <reporter-output>
  </reporter-output>
  <suite name="Default suite" duration-ms="68459" started-at="2019-08-02T16:28:24Z" finished-at="2019-08-02T16:29:32Z">
    <groups>
    </groups>
    <test name="Default test" duration-ms="68459" started-at="2019-08-02T16:28:24Z" finished-at="2019-08-02T16:29:32Z">
      <class name="actions.SearchFieldTestSuite">
        <test-method status="PASS" signature="startUp()[pri:0, instance:actions.SearchFieldTestSuite@8bd1b6a]" name="startUp" is-config="true" duration-ms="35007" started-at="2019-08-02T17:28:24Z" finished-at="2019-08-02T17:28:59Z">
          <reporter-output>
          </reporter-output>
        </test-method> <!-- startUp -->
        <test-method status="PASS" signature="verifySearchFieldReturnsSavedPaymentItemsFirst()[pri:1, instance:actions.SearchFieldTestSuite@8bd1b6a]" name="verifySearchFieldReturnsSavedPaymentItemsFirst" duration-ms="24759" started-at="2019-08-02T17:28:59Z" finished-at="2019-08-02T17:29:24Z">
          <reporter-output>
          </reporter-output>
        </test-method> <!-- verifySearchFieldReturnsSavedPaymentItemsFirst -->
        <test-method status="PASS" signature="verifyUserReturnstoDashBoardScreenWhenSearchCriteiraIsRemovedFromSearchField()[pri:2, instance:actions.SearchFieldTestSuite@8bd1b6a]" name="verifyUserReturnstoDashBoardScreenWhenSearchCriteiraIsRemovedFromSearchField" duration-ms="316" started-at="2019-08-02T17:29:24Z" finished-at="2019-08-02T17:29:24Z">
          <reporter-output>
          </reporter-output>
        </test-method> <!-- verifyUserReturnstoDashBoardScreenWhenSearchCriteiraIsRemovedFromSearchField -->
        <test-method status="PASS" signature="verifySearchFieldReturnsBillerListAfterSavedPaymentOptionsAreExausted()[pri:3, instance:actions.SearchFieldTestSuite@8bd1b6a]" name="verifySearchFieldReturnsBillerListAfterSavedPaymentOptionsAreExausted" duration-ms="1418" started-at="2019-08-02T17:29:24Z" finished-at="2019-08-02T17:29:25Z">
          <reporter-output>
          </reporter-output>
        </test-method> <!-- verifySearchFieldReturnsBillerListAfterSavedPaymentOptionsAreExausted -->
        <test-method status="PASS" signature="tearDown()[pri:0, instance:actions.SearchFieldTestSuite@8bd1b6a]" name="tearDown" is-config="true" duration-ms="6930" started-at="2019-08-02T17:29:25Z" finished-at="2019-08-02T17:29:32Z">
          <reporter-output>
          </reporter-output>
        </test-method> <!-- tearDown -->
      </class> <!-- actions.SearchFieldTestSuite -->
    </test> <!-- Default test -->
  </suite> <!-- Default suite -->
</testng-results>
