<?xml version="1.0" encoding="UTF-8"?>
<testng-results skipped="0" failed="0" ignored="0" total="5" passed="5">
  <reporter-output>
  </reporter-output>
  <suite name="Default suite" duration-ms="53478" started-at="2019-07-10T07:30:35Z" finished-at="2019-07-10T07:31:28Z">
    <groups>
    </groups>
    <test name="Default test" duration-ms="53478" started-at="2019-07-10T07:30:35Z" finished-at="2019-07-10T07:31:28Z">
      <class name="actions.ProfilePageTestSuite">
        <test-method status="PASS" signature="startUp()[pri:0, instance:actions.ProfilePageTestSuite@8bd1b6a]" name="startUp" is-config="true" duration-ms="30196" started-at="2019-07-10T08:30:35Z" finished-at="2019-07-10T08:31:05Z">
          <reporter-output>
          </reporter-output>
        </test-method> <!-- startUp -->
        <test-method status="PASS" signature="changeFirstLastNameSuccessfully()[pri:1, instance:actions.ProfilePageTestSuite@8bd1b6a]" name="changeFirstLastNameSuccessfully" duration-ms="8259" started-at="2019-07-10T08:31:05Z" finished-at="2019-07-10T08:31:13Z">
          <reporter-output>
          </reporter-output>
        </test-method> <!-- changeFirstLastNameSuccessfully -->
        <test-method status="PASS" signature="changePasswordInvalidOldPassword()[pri:2, instance:actions.ProfilePageTestSuite@8bd1b6a]" name="changePasswordInvalidOldPassword" duration-ms="2993" started-at="2019-07-10T08:31:13Z" finished-at="2019-07-10T08:31:16Z">
          <reporter-output>
          </reporter-output>
        </test-method> <!-- changePasswordInvalidOldPassword -->
        <test-method status="PASS" signature="changePasswordAllFieldsEmpty()[pri:3, instance:actions.ProfilePageTestSuite@8bd1b6a]" name="changePasswordAllFieldsEmpty" duration-ms="3081" started-at="2019-07-10T08:31:16Z" finished-at="2019-07-10T08:31:20Z">
          <reporter-output>
          </reporter-output>
        </test-method> <!-- changePasswordAllFieldsEmpty -->
        <test-method status="PASS" signature="changePasswordNewPasswordAndReTypePasswordFieldsAreEmpty()[pri:4, instance:actions.ProfilePageTestSuite@8bd1b6a]" name="changePasswordNewPasswordAndReTypePasswordFieldsAreEmpty" duration-ms="2973" started-at="2019-07-10T08:31:20Z" finished-at="2019-07-10T08:31:22Z">
          <reporter-output>
          </reporter-output>
        </test-method> <!-- changePasswordNewPasswordAndReTypePasswordFieldsAreEmpty -->
        <test-method status="PASS" signature="changePasswordSuccessfully()[pri:5, instance:actions.ProfilePageTestSuite@8bd1b6a]" name="changePasswordSuccessfully" duration-ms="2930" started-at="2019-07-10T08:31:22Z" finished-at="2019-07-10T08:31:25Z">
          <reporter-output>
          </reporter-output>
        </test-method> <!-- changePasswordSuccessfully -->
        <test-method status="PASS" signature="tearDown()[pri:0, instance:actions.ProfilePageTestSuite@8bd1b6a]" name="tearDown" is-config="true" duration-ms="3020" started-at="2019-07-10T08:31:25Z" finished-at="2019-07-10T08:31:28Z">
          <reporter-output>
          </reporter-output>
        </test-method> <!-- tearDown -->
      </class> <!-- actions.ProfilePageTestSuite -->
    </test> <!-- Default test -->
  </suite> <!-- Default suite -->
</testng-results>
