<?xml version="1.0" encoding="UTF-8"?>
<testng-results skipped="0" failed="0" ignored="0" total="3" passed="3">
  <reporter-output>
  </reporter-output>
  <suite name="Default suite" duration-ms="39013" started-at="2019-06-30T11:31:05Z" finished-at="2019-06-30T11:31:44Z">
    <groups>
    </groups>
    <test name="Default test" duration-ms="39013" started-at="2019-06-30T11:31:05Z" finished-at="2019-06-30T11:31:44Z">
      <class name="actions.SavedPaymentSuite">
        <test-method status="PASS" signature="startUp()[pri:0, instance:actions.SavedPaymentSuite@8bd1b6a]" name="startUp" is-config="true" duration-ms="13320" started-at="2019-06-30T12:31:05Z" finished-at="2019-06-30T12:31:18Z">
          <reporter-output>
          </reporter-output>
        </test-method> <!-- startUp -->
        <test-method status="PASS" signature="verifyQROptionIsPresentWhenPayingFromSavedPaymentAirtime()[pri:1, instance:actions.SavedPaymentSuite@8bd1b6a]" name="verifyQROptionIsPresentWhenPayingFromSavedPaymentAirtime" duration-ms="12865" started-at="2019-06-30T12:31:18Z" finished-at="2019-06-30T12:31:31Z">
          <reporter-output>
          </reporter-output>
        </test-method> <!-- verifyQROptionIsPresentWhenPayingFromSavedPaymentAirtime -->
        <test-method status="PASS" signature="verifyQROptionIsPresentWhenPayingFromSavedPaymentForBills()[pri:2, instance:actions.SavedPaymentSuite@8bd1b6a]" name="verifyQROptionIsPresentWhenPayingFromSavedPaymentForBills" duration-ms="4726" started-at="2019-06-30T12:31:31Z" finished-at="2019-06-30T12:31:36Z">
          <reporter-output>
          </reporter-output>
        </test-method> <!-- verifyQROptionIsPresentWhenPayingFromSavedPaymentForBills -->
        <test-method status="PASS" signature="verifyQROptionIsPresentWhenPayingFromSavedPaymentForTransfer()[pri:3, instance:actions.SavedPaymentSuite@8bd1b6a]" name="verifyQROptionIsPresentWhenPayingFromSavedPaymentForTransfer" duration-ms="4665" started-at="2019-06-30T12:31:36Z" finished-at="2019-06-30T12:31:40Z">
          <reporter-output>
          </reporter-output>
        </test-method> <!-- verifyQROptionIsPresentWhenPayingFromSavedPaymentForTransfer -->
        <test-method status="PASS" signature="tearDown()[pri:0, instance:actions.SavedPaymentSuite@8bd1b6a]" name="tearDown" is-config="true" duration-ms="3413" started-at="2019-06-30T12:31:40Z" finished-at="2019-06-30T12:31:44Z">
          <reporter-output>
          </reporter-output>
        </test-method> <!-- tearDown -->
      </class> <!-- actions.SavedPaymentSuite -->
    </test> <!-- Default test -->
  </suite> <!-- Default suite -->
</testng-results>
