<?xml version="1.0" encoding="UTF-8"?>
<testng-results skipped="0" failed="0" ignored="0" total="1" passed="1">
  <reporter-output>
  </reporter-output>
  <suite name="Default suite" duration-ms="68547" started-at="2019-07-09T10:06:43Z" finished-at="2019-07-09T10:07:52Z">
    <groups>
    </groups>
    <test name="Default test" duration-ms="68547" started-at="2019-07-09T10:06:43Z" finished-at="2019-07-09T10:07:52Z">
      <class name="actions.ProfilePageTestSuite">
        <test-method status="PASS" signature="startUp()[pri:0, instance:actions.ProfilePageTestSuite@8bd1b6a]" name="startUp" is-config="true" duration-ms="56910" started-at="2019-07-09T11:06:43Z" finished-at="2019-07-09T11:07:40Z">
          <reporter-output>
          </reporter-output>
        </test-method> <!-- startUp -->
        <test-method status="PASS" signature="changePasswordSuccessfully()[pri:5, instance:actions.ProfilePageTestSuite@8bd1b6a]" name="changePasswordSuccessfully" duration-ms="8584" started-at="2019-07-09T11:07:40Z" finished-at="2019-07-09T11:07:49Z">
          <reporter-output>
          </reporter-output>
        </test-method> <!-- changePasswordSuccessfully -->
        <test-method status="PASS" signature="tearDown()[pri:0, instance:actions.ProfilePageTestSuite@8bd1b6a]" name="tearDown" is-config="true" duration-ms="2923" started-at="2019-07-09T11:07:49Z" finished-at="2019-07-09T11:07:52Z">
          <reporter-output>
          </reporter-output>
        </test-method> <!-- tearDown -->
      </class> <!-- actions.ProfilePageTestSuite -->
    </test> <!-- Default test -->
  </suite> <!-- Default suite -->
</testng-results>
