<?xml version="1.0" encoding="UTF-8"?>
<testng-results skipped="0" failed="0" ignored="0" total="4" passed="4">
  <reporter-output>
  </reporter-output>
  <suite name="Default suite" duration-ms="71884" started-at="2019-08-24T12:46:48Z" finished-at="2019-08-24T12:48:00Z">
    <groups>
    </groups>
    <test name="Default test" duration-ms="71884" started-at="2019-08-24T12:46:48Z" finished-at="2019-08-24T12:48:00Z">
      <class name="actions.OTPTestSuite">
        <test-method status="PASS" signature="startUp()[pri:0, instance:actions.OTPTestSuite@c038203]" name="startUp" is-config="true" duration-ms="40972" started-at="2019-08-24T13:46:48Z" finished-at="2019-08-24T13:47:29Z">
          <reporter-output>
          </reporter-output>
        </test-method> <!-- startUp -->
        <test-method status="PASS" signature="verifyOTPScreenDisplays()[pri:1, instance:actions.OTPTestSuite@c038203]" name="verifyOTPScreenDisplays" duration-ms="21579" started-at="2019-08-24T13:47:29Z" finished-at="2019-08-24T13:47:50Z">
          <reporter-output>
          </reporter-output>
        </test-method> <!-- verifyOTPScreenDisplays -->
        <test-method status="PASS" signature="InvalidOTPTest()[pri:2, instance:actions.OTPTestSuite@c038203]" name="InvalidOTPTest" duration-ms="600" started-at="2019-08-24T13:47:50Z" finished-at="2019-08-24T13:47:51Z">
          <reporter-output>
          </reporter-output>
        </test-method> <!-- InvalidOTPTest -->
        <test-method status="PASS" signature="doNotEnterOTPTest()[pri:3, instance:actions.OTPTestSuite@c038203]" name="doNotEnterOTPTest" duration-ms="289" started-at="2019-08-24T13:47:51Z" finished-at="2019-08-24T13:47:51Z">
          <reporter-output>
          </reporter-output>
        </test-method> <!-- doNotEnterOTPTest -->
        <test-method status="PASS" signature="ResendOtpTest()[pri:4, instance:actions.OTPTestSuite@c038203]" name="ResendOtpTest" duration-ms="395" started-at="2019-08-24T13:47:51Z" finished-at="2019-08-24T13:47:52Z">
          <reporter-output>
          </reporter-output>
        </test-method> <!-- ResendOtpTest -->
        <test-method status="PASS" signature="tearDown()[pri:0, instance:actions.OTPTestSuite@c038203]" name="tearDown" is-config="true" duration-ms="8016" started-at="2019-08-24T13:47:52Z" finished-at="2019-08-24T13:48:00Z">
          <reporter-output>
          </reporter-output>
        </test-method> <!-- tearDown -->
      </class> <!-- actions.OTPTestSuite -->
    </test> <!-- Default test -->
  </suite> <!-- Default suite -->
</testng-results>
