<?xml version="1.0" encoding="UTF-8"?>
<testng-results ignored="0" total="1" passed="1" failed="0" skipped="0">
  <reporter-output>
  </reporter-output>
  <suite started-at="2019-09-04T08:31:36Z" name="Default suite" finished-at="2019-09-04T08:32:27Z" duration-ms="51233">
    <groups>
    </groups>
    <test started-at="2019-09-04T08:31:36Z" name="Default test" finished-at="2019-09-04T08:32:27Z" duration-ms="51233">
      <class name="actions.SignUpWithReferral">
        <test-method is-config="true" signature="startUp()[pri:0, instance:actions.SignUpWithReferral@3c153a1]" started-at="2019-09-04T09:31:36Z" name="startUp" finished-at="2019-09-04T09:31:51Z" duration-ms="15208" status="PASS">
          <reporter-output>
          </reporter-output>
        </test-method> <!-- startUp -->
        <test-method signature="userregisterationDetailswithreferral()[pri:0, instance:actions.SignUpWithReferral@3c153a1]" started-at="2019-09-04T09:31:51Z" name="userregisterationDetailswithreferral" finished-at="2019-09-04T09:32:23Z" duration-ms="31572" status="PASS">
          <reporter-output>
          </reporter-output>
        </test-method> <!-- userregisterationDetailswithreferral -->
        <test-method is-config="true" signature="tearDown()[pri:0, instance:actions.SignUpWithReferral@3c153a1]" started-at="2019-09-04T09:32:23Z" name="tearDown" finished-at="2019-09-04T09:32:27Z" duration-ms="4416" status="PASS">
          <reporter-output>
          </reporter-output>
        </test-method> <!-- tearDown -->
      </class> <!-- actions.SignUpWithReferral -->
    </test> <!-- Default test -->
  </suite> <!-- Default suite -->
</testng-results>
