<?xml version="1.0" encoding="UTF-8"?>
<!-- Generated by org.testng.reporters.JUnitReportReporter -->
<testsuite name="DefaultPackage.TestNG_TestQT" tests="3" time="0.009" ignored="0" failures="0" timestamp="15 Jun 2019 12:01:50 GMT" skipped="2" hostname="ISW-GSIG-UO1" errors="1">
  <testcase name="startUp" time="0.000" classname="DefaultPackage.TestNG_TestQT">
    <error type="io.github.bonigarcia.wdm.WebDriverManagerException" message="org.apache.http.conn.HttpHostConnectException: Connect to npm.taobao.org:80 [npm.taobao.org/114.55.80.225] failed: Connection timed out: connect">
      <![CDATA[io.github.bonigarcia.wdm.WebDriverManagerException: org.apache.http.conn.HttpHostConnectException: Connect to npm.taobao.org:80 [npm.taobao.org/114.55.80.225] failed: Connection timed out: connect
	at io.github.bonigarcia.wdm.WebDriverManager.handleException(WebDriverManager.java:723)
	at io.github.bonigarcia.wdm.WebDriverManager.manage(WebDriverManager.java:548)
	at io.github.bonigarcia.wdm.WebDriverManager.handleException(WebDriverManager.java:720)
	at io.github.bonigarcia.wdm.WebDriverManager.manage(WebDriverManager.java:548)
	at io.github.bonigarcia.wdm.WebDriverManager.setup(WebDriverManager.java:260)
	at DefaultPackage.TestNG_TestQT.startUp(TestNG_TestQT.java:38)
	at sun.reflect.NativeMethodAccessorImpl.invoke0(Native Method)
	at sun.reflect.NativeMethodAccessorImpl.invoke(Unknown Source)
	at sun.reflect.DelegatingMethodAccessorImpl.invoke(Unknown Source)
	at java.lang.reflect.Method.invoke(Unknown Source)
	at org.testng.internal.MethodInvocationHelper.invokeMethod(MethodInvocationHelper.java:104)
	at org.testng.internal.Invoker.invokeConfigurationMethod(Invoker.java:515)
	at org.testng.internal.Invoker.invokeConfigurations(Invoker.java:217)
	at org.testng.internal.Invoker.invokeConfigurations(Invoker.java:144)
	at org.testng.TestRunner.beforeRun(TestRunner.java:634)
	at org.testng.TestRunner.run(TestRunner.java:602)
	at org.testng.SuiteRunner.runTest(SuiteRunner.java:387)
	at org.testng.SuiteRunner.runSequentially(SuiteRunner.java:382)
	at org.testng.SuiteRunner.privateRun(SuiteRunner.java:340)
	at org.testng.SuiteRunner.run(SuiteRunner.java:289)
	at org.testng.SuiteRunnerWorker.runSuite(SuiteRunnerWorker.java:52)
	at org.testng.SuiteRunnerWorker.run(SuiteRunnerWorker.java:86)
	at org.testng.TestNG.runSuitesSequentially(TestNG.java:1293)
	at org.testng.TestNG.runSuitesLocally(TestNG.java:1218)
	at org.testng.TestNG.runSuites(TestNG.java:1133)
	at org.testng.TestNG.run(TestNG.java:1104)
	at org.testng.remote.AbstractRemoteTestNG.run(AbstractRemoteTestNG.java:132)
	at org.testng.remote.RemoteTestNG.initAndRun(RemoteTestNG.java:236)
	at org.testng.remote.RemoteTestNG.main(RemoteTestNG.java:81)
Caused by: org.apache.http.conn.HttpHostConnectException: Connect to npm.taobao.org:80 [npm.taobao.org/114.55.80.225] failed: Connection timed out: connect
	at org.apache.http.impl.conn.DefaultHttpClientConnectionOperator.connect(DefaultHttpClientConnectionOperator.java:159)
	at org.apache.http.impl.conn.PoolingHttpClientConnectionManager.connect(PoolingHttpClientConnectionManager.java:359)
	at org.apache.http.impl.execchain.MainClientExec.establishRoute(MainClientExec.java:381)
	at org.apache.http.impl.execchain.MainClientExec.execute(MainClientExec.java:237)
	at org.apache.http.impl.execchain.ProtocolExec.execute(ProtocolExec.java:185)
	at org.apache.http.impl.execchain.RetryExec.execute(RetryExec.java:89)
	at org.apache.http.impl.execchain.RedirectExec.execute(RedirectExec.java:111)
	at org.apache.http.impl.client.InternalHttpClient.doExecute(InternalHttpClient.java:185)
	at org.apache.http.impl.client.CloseableHttpClient.execute(CloseableHttpClient.java:83)
	at org.apache.http.impl.client.CloseableHttpClient.execute(CloseableHttpClient.java:108)
	at io.github.bonigarcia.wdm.HttpClient.execute(HttpClient.java:159)
	at io.github.bonigarcia.wdm.WebDriverManager.getDriversFromMirror(WebDriverManager.java:991)
	at io.github.bonigarcia.wdm.ChromeDriverManager.getDrivers(ChromeDriverManager.java:83)
	at io.github.bonigarcia.wdm.WebDriverManager.filterCandidateUrls(WebDriverManager.java:739)
	at io.github.bonigarcia.wdm.WebDriverManager.manage(WebDriverManager.java:534)
	... 27 more
Caused by: java.net.ConnectException: Connection timed out: connect
	at java.net.DualStackPlainSocketImpl.connect0(Native Method)
	at java.net.DualStackPlainSocketImpl.socketConnect(Unknown Source)
	at java.net.AbstractPlainSocketImpl.doConnect(Unknown Source)
	at java.net.AbstractPlainSocketImpl.connectToAddress(Unknown Source)
	at java.net.AbstractPlainSocketImpl.connect(Unknown Source)
	at java.net.PlainSocketImpl.connect(Unknown Source)
	at java.net.SocksSocketImpl.connect(Unknown Source)
	at java.net.Socket.connect(Unknown Source)
	at org.apache.http.conn.socket.PlainConnectionSocketFactory.connectSocket(PlainConnectionSocketFactory.java:75)
	at org.apache.http.impl.conn.DefaultHttpClientConnectionOperator.connect(DefaultHttpClientConnectionOperator.java:142)
	... 41 more
]]>
    </error>
  </testcase> <!-- startUp -->
  <testcase name="TestLogin" time="0.004" classname="DefaultPackage.TestNG_TestQT">
    <skipped/>
  </testcase> <!-- TestLogin -->
  <testcase name="NotLoggedInActionsTest" time="0.005" classname="DefaultPackage.TestNG_TestQT">
    <skipped/>
  </testcase> <!-- NotLoggedInActionsTest -->
</testsuite> <!-- DefaultPackage.TestNG_TestQT -->
