<?xml version="1.0" encoding="UTF-8"?>
<testng-results skipped="0" failed="0" ignored="0" total="1" passed="1">
  <reporter-output>
  </reporter-output>
  <suite name="Default suite" duration-ms="53750" started-at="2019-06-16T22:07:13Z" finished-at="2019-06-16T22:08:07Z">
    <groups>
    </groups>
    <test name="Default test" duration-ms="53750" started-at="2019-06-16T22:07:13Z" finished-at="2019-06-16T22:08:07Z">
      <class name="Actions.BuyAirtimeTestSuite">
        <test-method status="PASS" signature="startUp()[pri:0, instance:Actions.BuyAirtimeTestSuite@8bd1b6a]" name="startUp" is-config="true" duration-ms="33781" started-at="2019-06-16T23:07:13Z" finished-at="2019-06-16T23:07:47Z">
          <reporter-output>
          </reporter-output>
        </test-method> <!-- startUp -->
        <test-method status="PASS" signature="buyAirtimeFlow()[pri:1, instance:Actions.BuyAirtimeTestSuite@8bd1b6a]" name="buyAirtimeFlow" duration-ms="16656" started-at="2019-06-16T23:07:47Z" finished-at="2019-06-16T23:08:03Z">
          <reporter-output>
          </reporter-output>
        </test-method> <!-- buyAirtimeFlow -->
        <test-method status="PASS" signature="tearDown()[pri:0, instance:Actions.BuyAirtimeTestSuite@8bd1b6a]" name="tearDown" is-config="true" duration-ms="3288" started-at="2019-06-16T23:08:03Z" finished-at="2019-06-16T23:08:07Z">
          <reporter-output>
          </reporter-output>
        </test-method> <!-- tearDown -->
      </class> <!-- Actions.BuyAirtimeTestSuite -->
    </test> <!-- Default test -->
  </suite> <!-- Default suite -->
</testng-results>
