<?xml version="1.0" encoding="UTF-8"?>
<testng-results skipped="0" failed="0" ignored="0" total="3" passed="3">
  <reporter-output>
  </reporter-output>
  <suite name="Default suite" duration-ms="67208" started-at="2019-06-15T13:12:43Z" finished-at="2019-06-15T13:13:51Z">
    <groups>
    </groups>
    <test name="Default test" duration-ms="67208" started-at="2019-06-15T13:12:43Z" finished-at="2019-06-15T13:13:51Z">
      <class name="DefaultPackage.LoginTestSuite">
        <test-method status="PASS" signature="startUp()[pri:0, instance:DefaultPackage.LoginTestSuite@8bd1b6a]" name="startUp" is-config="true" duration-ms="32311" started-at="2019-06-15T14:12:43Z" finished-at="2019-06-15T14:13:16Z">
          <reporter-output>
          </reporter-output>
        </test-method> <!-- startUp -->
        <test-method status="PASS" signature="InvalidUsernameAndValidPassword()[pri:0, instance:DefaultPackage.LoginTestSuite@8bd1b6a]" name="InvalidUsernameAndValidPassword" duration-ms="15337" started-at="2019-06-15T14:13:16Z" finished-at="2019-06-15T14:13:31Z">
          <reporter-output>
          </reporter-output>
        </test-method> <!-- InvalidUsernameAndValidPassword -->
        <test-method status="PASS" signature="validEmailAndInvalidPassword()[pri:0, instance:DefaultPackage.LoginTestSuite@8bd1b6a]" name="validEmailAndInvalidPassword" duration-ms="12127" started-at="2019-06-15T14:13:31Z" finished-at="2019-06-15T14:13:43Z">
          <reporter-output>
          </reporter-output>
        </test-method> <!-- validEmailAndInvalidPassword -->
        <test-method status="PASS" signature="validEmailAndPassword()[pri:0, instance:DefaultPackage.LoginTestSuite@8bd1b6a]" name="validEmailAndPassword" duration-ms="3312" started-at="2019-06-15T14:13:43Z" finished-at="2019-06-15T14:13:46Z">
          <reporter-output>
          </reporter-output>
        </test-method> <!-- validEmailAndPassword -->
        <test-method status="PASS" signature="tearDown()[pri:0, instance:DefaultPackage.LoginTestSuite@8bd1b6a]" name="tearDown" is-config="true" duration-ms="4091" started-at="2019-06-15T14:13:46Z" finished-at="2019-06-15T14:13:51Z">
          <reporter-output>
          </reporter-output>
        </test-method> <!-- tearDown -->
      </class> <!-- DefaultPackage.LoginTestSuite -->
    </test> <!-- Default test -->
  </suite> <!-- Default suite -->
</testng-results>
