<?xml version="1.0" encoding="UTF-8"?>
<!-- Generated by org.testng.reporters.JUnitXMLReporter -->
<testsuite hostname="ISW-GSIG-UO1" ignored="0" name="Test" tests="3" failures="0" timestamp="18 Jun 2019 14:57:07 GMT" time="73.091" errors="0">
  <testcase name="InvalidUsernameAndValidPassword" time="15.713" classname="actions.LoginTestSuite"/>
  <testcase name="validEmailAndInvalidPassword" time="11.957" classname="actions.LoginTestSuite"/>
  <testcase name="successfulLogin" time="3.633" classname="actions.LoginTestSuite"/>
</testsuite> <!-- Test -->
